Filename                                                                                                Regions    Missed Regions     Cover   Functions  Missed Functions  Executed       Lines      Missed Lines     Cover    Branches   Missed Branches     Cover
-------------------------------------------------------------------------------------------------------------------------------------------------------------------------------------------------------------------------------------------------------------------
build/source/slang/slang-version-header/slang-tag-version.h                                                   0                 0         -           0                 0         -           0                 0         -           0                 0         -
build/source/standard-modules/slang-standard-module-config-header/slang-standard-module-config.h              0                 0         -           0                 0         -           0                 0         -           0                 0         -
source/compiler-core/slang-artifact-associated-impl.cpp                                                     360                26    92.78%          44                 4    90.91%         402                58    85.57%         178                29    83.71%
source/compiler-core/slang-artifact-associated-impl.h                                                        70                 4    94.29%          17                 4    76.47%          79                20    74.68%          50                 2    96.00%
source/compiler-core/slang-artifact-associated.h                                                              1                 1     0.00%           1                 1     0.00%           1                 1     0.00%           0                 0         -
source/compiler-core/slang-artifact-container-util.cpp                                                      379                76    79.95%          38                 5    86.84%         485                89    81.65%         198                38    80.81%
source/compiler-core/slang-artifact-desc-util.cpp                                                           514               129    74.90%          33                 4    87.88%         681               231    66.08%         396               135    65.91%
source/compiler-core/slang-artifact-desc-util.h                                                               5                 0   100.00%           1                 0   100.00%           4                 0   100.00%           6                 2    66.67%
source/compiler-core/slang-artifact-diagnostic-util.cpp                                                      47                10    78.72%           5                 1    80.00%          90                21    76.67%          32                14    56.25%
source/compiler-core/slang-artifact-handler-impl.cpp                                                        191                38    80.10%          11                 4    63.64%         229                57    75.11%         102                27    73.53%
source/compiler-core/slang-artifact-handler-impl.h                                                            3                 2    33.33%           3                 2    33.33%           3                 2    33.33%           0                 0         -
source/compiler-core/slang-artifact-helper.cpp                                                               65                39    40.00%          22                19    13.64%         108                74    31.48%          20                13    35.00%
source/compiler-core/slang-artifact-helper.h                                                                  4                 2    50.00%           4                 2    50.00%           3                 2    33.33%           0                 0         -
source/compiler-core/slang-artifact-impl.cpp                                                                164                37    77.44%          30                 7    76.67%         269                82    69.52%          98                39    60.20%
source/compiler-core/slang-artifact-impl.h                                                                   21                 0   100.00%           9                 0   100.00%          22                 0   100.00%           0                 0         -
source/compiler-core/slang-artifact-representation-impl.cpp                                                 151                37    75.50%          22                 4    81.82%         181                53    70.72%          98                36    63.27%
source/compiler-core/slang-artifact-representation-impl.h                                                    74                 8    89.19%          25                 8    68.00%          54                19    64.81%           2                 0   100.00%
source/compiler-core/slang-artifact-util.cpp                                                                116                73    37.07%          25                15    40.00%         219               147    32.88%          76                56    26.32%
source/compiler-core/slang-artifact.h                                                                        49                 8    83.67%          26                 7    73.08%          76                24    68.42%          14                 7    50.00%
source/compiler-core/slang-command-line-args.cpp                                                            127                 5    96.06%          13                 0   100.00%         236                14    94.07%          66                 7    89.39%
source/compiler-core/slang-command-line-args.h                                                               34                 3    91.18%          22                 2    90.91%          49                 5    89.80%           6                 1    83.33%
source/compiler-core/slang-core-diagnostics.cpp                                                               4                 0   100.00%           2                 0   100.00%          10                 0   100.00%           0                 0         -
source/compiler-core/slang-diagnostic-sink.cpp                                                              302                82    72.85%          46                12    73.91%         617               189    69.37%         210                87    58.57%
source/compiler-core/slang-diagnostic-sink.h                                                                 65                10    84.62%          38                 6    84.21%         132                26    80.30%          30                 6    80.00%
source/compiler-core/slang-downstream-compiler-set.cpp                                                       36                13    63.89%          10                 4    60.00%          72                27    62.50%          20                10    50.00%
source/compiler-core/slang-downstream-compiler-set.h                                                          2                 1    50.00%           2                 1    50.00%           4                 1    75.00%           0                 0         -
source/compiler-core/slang-downstream-compiler-util.cpp                                                     119                31    73.95%          19                 2    89.47%         306                83    72.88%          86                27    68.60%
source/compiler-core/slang-downstream-compiler-util.h                                                         7                 1    85.71%           4                 1    75.00%          11                 2    81.82%           0                 0         -
source/compiler-core/slang-downstream-compiler.cpp                                                           79                21    73.42%           5                 4    20.00%         162                61    62.35%          48                16    66.67%
source/compiler-core/slang-downstream-compiler.h                                                             77                31    59.74%          27                13    51.85%          93                47    49.46%           8                 2    75.00%
source/compiler-core/slang-dxc-compiler.cpp                                                                 333               100    69.97%          24                 4    83.33%         561               145    74.15%         208               100    51.92%
source/compiler-core/slang-fxc-compiler.cpp                                                                   7                 0   100.00%           1                 0   100.00%           6                 0   100.00%           0                 0         -
source/compiler-core/slang-gcc-compiler-util.cpp                                                            509               115    77.41%          24                 0   100.00%         718               234    67.41%         295               112    62.03%
source/compiler-core/slang-gcc-compiler-util.h                                                                5                 0   100.00%           4                 0   100.00%          12                 0   100.00%           0                 0         -
source/compiler-core/slang-glslang-compiler.cpp                                                             200                36    82.00%          21                 1    95.24%         325                75    76.92%          88                34    61.36%
source/compiler-core/slang-include-system.cpp                                                               111                17    84.68%           6                 1    83.33%         135                37    72.59%          48                 6    87.50%
source/compiler-core/slang-include-system.h                                                                   8                 3    62.50%           7                 3    57.14%          12                 3    75.00%           0                 0         -
source/compiler-core/slang-json-diagnostics.cpp                                                               3                 2    33.33%           2                 2     0.00%           9                 8    11.11%           0                 0         -
source/compiler-core/slang-json-lexer.cpp                                                                   208                70    66.35%          16                 6    62.50%         422               196    53.55%         227                94    58.59%
source/compiler-core/slang-json-lexer.h                                                                       8                 1    87.50%           6                 1    83.33%          15                 3    80.00%           0                 0         -
source/compiler-core/slang-json-native.cpp                                                                  299                82    72.58%          11                 4    63.64%         452               161    64.38%         166                47    71.69%
source/compiler-core/slang-json-native.h                                                                     10                 1    90.00%           4                 1    75.00%          12                 3    75.00%           0                 0         -
source/compiler-core/slang-json-parser.cpp                                                                  187                16    91.44%          26                 0   100.00%         367                34    90.74%         116                 8    93.10%
source/compiler-core/slang-json-parser.h                                                                     23                 6    73.91%          15                 6    60.00%          43                24    44.19%          12                 3    75.00%
source/compiler-core/slang-json-source-map-util.cpp                                                         164                18    89.02%          11                 0   100.00%         305                16    94.75%          90                 8    91.11%
source/compiler-core/slang-json-value.cpp                                                                   591               238    59.73%          81                27    66.67%        1250               575    54.00%         462               220    52.38%
source/compiler-core/slang-json-value.h                                                                      53                13    75.47%          37                11    70.27%         121                20    83.47%          14                 7    50.00%
source/compiler-core/slang-lexer.cpp                                                                        810                66    91.85%          52                 1    98.08%        1522               105    93.10%         982               127    87.07%
source/compiler-core/slang-lexer.h                                                                           20                 5    75.00%          17                 5    70.59%          38                 7    81.58%           2                 0   100.00%
source/compiler-core/slang-llvm-compiler.cpp                                                                 23                 4    82.61%           1                 0   100.00%          26                 7    73.08%           8                 2    75.00%
source/compiler-core/slang-metal-compiler.cpp                                                                31                 7    77.42%           7                 2    71.43%          59                 5    91.53%          14                 4    71.43%
source/compiler-core/slang-name-convention-util.cpp                                                         106                15    85.85%           8                 0   100.00%         233                37    84.12%         102                19    81.37%
source/compiler-core/slang-name-convention-util.h                                                             3                 0   100.00%           3                 0   100.00%           9                 0   100.00%           0                 0         -
source/compiler-core/slang-name.cpp                                                                          21                 6    71.43%           6                 1    83.33%          29                 4    86.21%          10                 4    60.00%
source/compiler-core/slang-nvrtc-compiler.cpp                                                               651               419    35.64%          39                36     7.69%         896               851     5.02%         342               293    14.33%
source/compiler-core/slang-pretty-writer.cpp                                                                 29                 1    96.55%           6                 1    83.33%          53                 3    94.34%          18                 1    94.44%
source/compiler-core/slang-pretty-writer.h                                                                   19                 3    84.21%          17                 3    82.35%          46                 3    93.48%           0                 0         -
source/compiler-core/slang-rich-diagnostics-render.cpp                                                      246                49    80.08%          22                 0   100.00%         559                88    84.26%         234                77    67.09%
source/compiler-core/slang-slice-allocator.cpp                                                               34                23    32.35%           8                 4    50.00%          85                57    32.94%          18                12    33.33%
source/compiler-core/slang-slice-allocator.h                                                                 13                 0   100.00%          12                 0   100.00%          32                 0   100.00%           0                 0         -
source/compiler-core/slang-source-embed-util.cpp                                                            123                17    86.18%           9                 0   100.00%         246                39    84.15%         100                18    82.00%
source/compiler-core/slang-source-loc.cpp                                                                   340                60    82.35%          58                 5    91.38%         731               145    80.16%         233                76    67.38%
source/compiler-core/slang-source-loc.h                                                                     103                 9    91.26%          69                 8    88.41%         140                11    92.14%          24                 4    83.33%
source/compiler-core/slang-source-map.cpp                                                                   102                60    41.18%          11                 5    54.55%         166                95    42.77%          74                54    27.03%
source/compiler-core/slang-source-map.h                                                                      34                 0   100.00%           8                 0   100.00%          31                 0   100.00%          26                 5    80.77%
source/compiler-core/slang-spirv-core-grammar.cpp                                                            94                63    32.98%          10                 4    60.00%         188               188     0.00%          70                56    20.00%
source/compiler-core/slang-spirv-core-grammar.h                                                               8                 7    12.50%           2                 1    50.00%           8                 7    12.50%           4                 4     0.00%
source/compiler-core/slang-tint-compiler.cpp                                                                 59                32    45.76%           8                 7    12.50%          78                70    10.26%          22                16    27.27%
source/compiler-core/slang-token-defs.h                                                                       0                 0         -           0                 0         -           0                 0         -           0                 0         -
source/compiler-core/slang-token.cpp                                                                        395               266    32.66%           1                 0   100.00%          12                 7    41.67%         136                46    66.18%
source/compiler-core/slang-token.h                                                                           19                 2    89.47%          11                 2    81.82%          39                 9    76.92%           2                 0   100.00%
source/compiler-core/slang-visual-studio-compiler-util.cpp                                                  172               136    20.93%           7                 6    14.29%         370               359     2.97%         132               121     8.33%
source/compiler-core/slang-visual-studio-compiler-util.h                                                      4                 4     0.00%           4                 4     0.00%          11                11     0.00%           0                 0         -
source/core/slang-allocator.h                                                                                16                 2    87.50%           6                 2    66.67%          39                18    53.85%           6                 0   100.00%
source/core/slang-archive-file-system.cpp                                                                    36                 8    77.78%           2                 0   100.00%          48                23    52.08%          20                 7    65.00%
source/core/slang-archive-file-system.h                                                                       3                 0   100.00%           1                 0   100.00%           4                 0   100.00%           4                 1    75.00%
source/core/slang-array-view.h                                                                                7                 7     0.00%           7                 7     0.00%          10                10     0.00%           0                 0         -
source/core/slang-blob-builder.cpp                                                                          103                 5    95.15%          26                 0   100.00%         252                16    93.65%          40                 6    85.00%
source/core/slang-blob-builder.h                                                                             11                 1    90.91%           9                 1    88.89%          19                 3    84.21%           0                 0         -
source/core/slang-blob.cpp                                                                                  114                40    64.91%          23                 6    73.91%         188                71    62.23%          68                32    52.94%
source/core/slang-blob.h                                                                                     97                14    85.57%          43                11    74.42%         177                38    78.53%          28                 7    75.00%
source/core/slang-byte-encode-util.h                                                                         10                 0   100.00%           1                 0   100.00%           4                 0   100.00%           6                 0   100.00%
source/core/slang-castable.cpp                                                                               36                26    27.78%           4                 3    25.00%          47                37    21.28%          22                18    18.18%
source/core/slang-castable.h                                                                                 53                 4    92.45%          13                 2    84.62%          44                 7    84.09%          16                 3    81.25%
source/core/slang-char-encode.cpp                                                                            97                22    77.32%          16                 3    81.25%         169                43    74.56%          58                16    72.41%
source/core/slang-char-encode.h                                                                              51                13    74.51%          12                 3    75.00%         123                31    74.80%          30                11    63.33%
source/core/slang-char-util.cpp                                                                              14                 0   100.00%           2                 0   100.00%          41                 0   100.00%           8                 0   100.00%
source/core/slang-char-util.h                                                                                63                 1    98.41%          17                 1    94.12%          48                 1    97.92%          46                 3    93.48%
source/core/slang-com-object.h                                                                               20                 4    80.00%          10                 4    60.00%          35                 6    82.86%           4                 0   100.00%
source/core/slang-command-line.cpp                                                                           34                 8    76.47%           9                 2    77.78%          89                26    70.79%          22                 9    59.09%
source/core/slang-command-line.h                                                                             16                 6    62.50%          14                 6    57.14%          33                17    48.48%           0                 0         -
source/core/slang-command-options-writer.cpp                                                                233                23    90.13%          31                 1    96.77%         557                71    87.25%         204                49    75.98%
source/core/slang-command-options-writer.h                                                                    1                 0   100.00%           1                 0   100.00%           1                 0   100.00%           0                 0         -
source/core/slang-command-options.cpp                                                                       264                55    79.17%          44                 8    81.82%         532               128    75.94%         164                53    67.68%
source/core/slang-command-options.h                                                                          25                 5    80.00%          16                 5    68.75%          40                 7    82.50%          12                 3    75.00%
source/core/slang-common.h                                                                                    3                 1    66.67%           3                 1    66.67%          10                 2    80.00%           0                 0         -
source/core/slang-compression-system.h                                                                        1                 1     0.00%           1                 1     0.00%           0                 0         -           0                 0         -
source/core/slang-crypto.cpp                                                                                211                 0   100.00%          11                 0   100.00%         241                 0   100.00%          46                 0   100.00%
source/core/slang-crypto.h                                                                                    5                 0   100.00%           5                 0   100.00%           7                 0   100.00%           0                 0         -
source/core/slang-deflate-compression-system.cpp                                                             36                 8    77.78%           8                 1    87.50%          44                11    75.00%          10                 6    40.00%
source/core/slang-dictionary.h                                                                               54                 4    92.59%          54                 4    92.59%         246                31    87.40%           0                 0         -
source/core/slang-exception.h                                                                                 9                 5    44.44%           9                 5    44.44%          13                 6    53.85%           0                 0         -
source/core/slang-file-system.cpp                                                                           590               159    73.05%          63                 8    87.30%         781               250    67.99%         318               117    63.21%
source/core/slang-file-system.h                                                                              72                22    69.44%          37                20    45.95%         107                71    33.64%           6                 2    66.67%
source/core/slang-free-list.cpp                                                                              57                34    40.35%          12                 5    58.33%         144                70    51.39%          32                23    28.12%
source/core/slang-free-list.h                                                                                14                 3    78.57%           7                 3    57.14%          35                 5    85.71%           4                 0   100.00%
source/core/slang-func-ptr.h                                                                                 18                 9    50.00%          13                 6    53.85%          35                20    42.86%           2                 2     0.00%
source/core/slang-hash.h                                                                                     14                 2    85.71%          12                 2    83.33%          59                22    62.71%           0                 0         -
source/core/slang-hex-dump-util.cpp                                                                         151                34    77.48%          10                 4    60.00%         163                52    68.10%          84                18    78.57%
source/core/slang-http.cpp                                                                                  192                56    70.83%          16                 2    87.50%         267                78    70.79%         111                35    68.47%
source/core/slang-http.h                                                                                     19                 5    73.68%           9                 4    55.56%          33                16    51.52%           8                 2    75.00%
source/core/slang-implicit-directory-collector.cpp                                                           38                 1    97.37%           5                 0   100.00%          60                 3    95.00%          24                 4    83.33%
source/core/slang-implicit-directory-collector.h                                                             17                 1    94.12%           7                 1    85.71%          15                 1    93.33%           8                 0   100.00%
source/core/slang-internally-linked-list.h                                                                   38                 3    92.11%          13                 1    92.31%          56                 8    85.71%           8                 2    75.00%
source/core/slang-io.cpp                                                                                    584                83    85.79%          58                 4    93.10%         743               140    81.16%         305                77    74.75%
source/core/slang-io.h                                                                                       16                 5    68.75%          14                 5    64.29%          22                 7    68.18%           4                 0   100.00%
source/core/slang-linked-list.h                                                                              14                 2    85.71%          14                 2    85.71%          71                20    71.83%           0                 0         -
source/core/slang-list.h                                                                                     89                29    67.42%          39                 7    82.05%         253                91    64.03%          36                17    52.78%
source/core/slang-lz4-compression-system.cpp                                                                 28                 6    78.57%           8                 1    87.50%          39                 5    87.18%           6                 4    33.33%
source/core/slang-math.h                                                                                     35                 9    74.29%          35                 9    74.29%         296                99    66.55%           0                 0         -
source/core/slang-memory-arena.cpp                                                                          128                20    84.38%          29                 3    89.66%         288                62    78.47%          68                19    72.06%
source/core/slang-memory-arena.h                                                                             52                 7    86.54%          16                 5    68.75%         168                42    75.00%          20                 2    90.00%
source/core/slang-memory-file-system.cpp                                                                    183                20    89.07%          21                 0   100.00%         230                34    85.22%          94                20    78.72%
source/core/slang-memory-file-system.h                                                                       21                 2    90.48%           8                 2    75.00%          33                 6    81.82%           0                 0         -
source/core/slang-name-value.cpp                                                                             51                33    35.29%          14                 9    35.71%         116                74    36.21%          38                26    31.58%
source/core/slang-name-value.h                                                                                1                 0   100.00%           1                 0   100.00%           3                 0   100.00%           0                 0         -
source/core/slang-offset-container.cpp                                                                       82                 8    90.24%          14                 3    78.57%         178                30    83.15%          49                 6    87.76%
source/core/slang-offset-container.h                                                                        118                 5    95.76%          34                 1    97.06%         129                13    89.92%          42                 5    88.10%
source/core/slang-performance-profiler.cpp                                                                   33                27    18.18%          12                 8    33.33%         102                78    23.53%          18                16    11.11%
source/core/slang-performance-profiler.h                                                                     12                12     0.00%           3                 3     0.00%           6                 6     0.00%           0                 0         -
source/core/slang-platform.cpp                                                                               56                13    76.79%          14                 4    71.43%         115                11    90.43%          28                 0   100.00%
source/core/slang-platform.h                                                                                  1                 0   100.00%           1                 0   100.00%           3                 0   100.00%           0                 0         -
source/core/slang-process-util.cpp                                                                           42                 5    88.10%           5                 0   100.00%          52                 0   100.00%          22                 4    81.82%
source/core/slang-process-util.h                                                                              1                 1     0.00%           1                 1     0.00%           6                 6     0.00%           0                 0         -
source/core/slang-process.h                                                                                   2                 0   100.00%           2                 0   100.00%           2                 0   100.00%           0                 0         -
source/core/slang-random-generator.cpp                                                                       76                16    78.95%          16                 6    62.50%         161                35    78.26%          46                 7    84.78%
source/core/slang-random-generator.h                                                                          7                 4    42.86%           5                 4    20.00%          11                10     9.09%           0                 0         -
source/core/slang-range.h                                                                                     1                 0   100.00%           1                 0   100.00%           6                 0   100.00%           0                 0         -
source/core/slang-relative-ptr.h                                                                              3                 3     0.00%           3                 3     0.00%          13                13     0.00%           0                 0         -
source/core/slang-riff-file-system.cpp                                                                      150                23    84.67%          10                 1    90.00%         224                41    81.70%          78                17    78.21%
source/core/slang-riff-file-system.h                                                                         11                 1    90.91%           2                 1    50.00%           3                 3     0.00%           0                 0         -
source/core/slang-riff.cpp                                                                                  230                26    88.70%          35                 1    97.14%         345                49    85.80%         102                19    81.37%
source/core/slang-riff.h                                                                                    119                14    88.24%          72                 9    87.50%         173                31    82.08%          22                 5    77.27%
source/core/slang-rtti-info.cpp                                                                              43                10    76.74%          12                 0   100.00%         155                46    70.32%          42                10    76.19%
source/core/slang-rtti-info.h                                                                                66                11    83.33%          35                 5    85.71%         135                24    82.22%          22                 8    63.64%
source/core/slang-rtti-util.cpp                                                                             372               156    58.06%          25                 4    84.00%         810               432    46.67%         337               156    53.71%
source/core/slang-rtti-util.h                                                                                 1                 1     0.00%           1                 1     0.00%          12                12     0.00%           0                 0         -
source/core/slang-secure-crt.h                                                                               11                 6    45.45%          11                 6    45.45%         246               128    47.97%           0                 0         -
source/core/slang-semantic-version.cpp                                                                       96                44    54.17%           9                 3    66.67%         175               107    38.86%          78                48    38.46%
source/core/slang-semantic-version.h                                                                         35                 6    82.86%          18                 6    66.67%          49                17    65.31%          12                 0   100.00%
source/core/slang-shared-library.cpp                                                                         57                17    70.18%          12                 2    83.33%          88                24    72.73%          32                16    50.00%
source/core/slang-shared-library.h                                                                           32                 1    96.88%           9                 1    88.89%          14                 1    92.86%           2                 2     0.00%
source/core/slang-short-list.h                                                                                9                 4    55.56%           9                 4    55.56%          71                34    52.11%           0                 0         -
source/core/slang-signal.cpp                                                                                 43                 9    79.07%           5                 1    80.00%          82                17    79.27%          45                13    71.11%
source/core/slang-smart-pointer.h                                                                            35                 2    94.29%          23                 2    91.30%          66                 6    90.91%           6                 0   100.00%
source/core/slang-stable-hash.h                                                                               9                 4    55.56%           9                 4    55.56%          20                 6    70.00%           0                 0         -
source/core/slang-std-writers.cpp                                                                             7                 1    85.71%           2                 0   100.00%          19                 3    84.21%           2                 1    50.00%
source/core/slang-std-writers.h                                                                               5                 1    80.00%           5                 1    80.00%          16                 3    81.25%           0                 0         -
source/core/slang-stream.cpp                                                                                397               142    64.23%          43                20    53.49%         519               261    49.71%         199               101    49.25%
source/core/slang-stream.h                                                                                   36                 8    77.78%          22                 7    68.18%          56                20    64.29%           2                 2     0.00%
source/core/slang-string-escape-util.cpp                                                                    493               156    68.36%          39                12    69.23%         848               322    62.03%         447               190    57.49%
source/core/slang-string-escape-util.h                                                                        5                 1    80.00%           4                 1    75.00%          10                 3    70.00%           0                 0         -
source/core/slang-string-slice-index-map.cpp                                                                 12                 0   100.00%           3                 0   100.00%          30                 0   100.00%           4                 0   100.00%
source/core/slang-string-slice-index-map.h                                                                   11                 2    81.82%           7                 2    71.43%          19                 4    78.95%           2                 0   100.00%
source/core/slang-string-slice-pool.cpp                                                                      74                17    77.03%          13                 2    84.62%         162                41    74.69%          46                17    63.04%
source/core/slang-string-slice-pool.h                                                                        15                 2    86.67%          12                 2    83.33%          20                 8    60.00%           2                 0   100.00%
source/core/slang-string-util.cpp                                                                           418                58    86.12%          39                 2    94.87%         691               108    84.37%         299                80    73.24%
source/core/slang-string-util.h                                                                              13                 2    84.62%          10                 2    80.00%          28                 6    78.57%           0                 0         -
source/core/slang-string.cpp                                                                                259                39    84.94%          62                13    79.03%         522               115    77.97%         138                20    85.51%
source/core/slang-string.h                                                                                  192                46    76.04%         136                42    69.12%         419               148    64.68%          36                10    72.22%
source/core/slang-text-io.cpp                                                                                79                20    74.68%           9                 2    77.78%         113                22    80.53%          42                 6    85.71%
source/core/slang-text-io.h                                                                                  43                16    62.79%          26                13    50.00%          92                47    48.91%          22                 5    77.27%
source/core/slang-token-reader.cpp                                                                          346               104    69.94%          11                 3    72.73%         683               302    55.78%         334               121    63.77%
source/core/slang-token-reader.h                                                                             74                11    85.14%          24                 4    83.33%         158                25    84.18%          34                 7    79.41%
source/core/slang-type-convert-util.cpp                                                                      18                 7    61.11%           2                 0   100.00%          42                14    66.67%          30                 7    76.67%
source/core/slang-type-text-util.cpp                                                                        187                76    59.36%          27                 3    88.89%         146                24    83.56%          70                20    71.43%
source/core/slang-uint-set.cpp                                                                               79                25    68.35%          19                 5    73.68%         148                41    72.30%          47                17    63.83%
source/core/slang-uint-set.h                                                                                 25                 8    68.00%          25                 8    68.00%         130                62    52.31%           0                 0         -
source/core/slang-virtual-object-pool.h                                                                       5                 2    60.00%           5                 2    60.00%          85                68    20.00%           0                 0         -
source/core/slang-writer.cpp                                                                                 72                15    79.17%          17                 3    82.35%         129                26    79.84%          34                17    50.00%
source/core/slang-writer.h                                                                                   41                 7    82.93%          18                 6    66.67%          46                17    63.04%           6                 1    83.33%
source/core/slang-zip-file-system.cpp                                                                       419                90    78.52%          36                 7    80.56%         564               184    67.38%         224                75    66.52%
source/core/unix/slang-unix-process.cpp                                                                     258                47    81.78%          27                 7    74.07%         386               111    71.24%         123                53    56.91%
source/slang/slang-api.cpp                                                                                  608               143    76.48%         112                72    35.71%         836               400    52.15%         233                57    75.54%
source/slang/slang-artifact-output-util.cpp                                                                 107                14    86.92%          11                 1    90.91%         159                38    76.10%          54                11    79.63%
source/slang/slang-ast-base.cpp                                                                              13                 1    92.31%           3                 1    66.67%          15                 4    73.33%           4                 0   100.00%
source/slang/slang-ast-base.h                                                                                78                19    75.64%          71                19    73.24%         235                97    58.72%           4                 1    75.00%
source/slang/slang-ast-boilerplate.cpp                                                                        7                 0   100.00%           3                 0   100.00%           6                 0   100.00%           4                 2    50.00%
source/slang/slang-ast-builder.cpp                                                                          625               100    84.00%         129                12    90.70%        1118               189    83.09%         371               101    72.78%
source/slang/slang-ast-builder.h                                                                             62                15    75.81%          62                15    75.81%         227                76    66.52%           0                 0         -
source/slang/slang-ast-decl-ref.cpp                                                                         444                55    87.61%          42                 5    88.10%         685               104    84.82%         310                63    79.68%
source/slang/slang-ast-decl.cpp                                                                             185                12    93.51%          39                 2    94.87%         281                29    89.68%          88                12    86.36%
source/slang/slang-ast-decl.h                                                                                24                 2    91.67%          24                 2    91.67%          38                 2    94.74%           0                 0         -
source/slang/slang-ast-iterator.h                                                                           181               181     0.00%          97                97     0.00%         456               456     0.00%          88                88     0.00%
source/slang/slang-ast-modifier.cpp                                                                          10                10     0.00%           1                 1     0.00%           9                 9     0.00%           8                 8     0.00%
source/slang/slang-ast-natural-layout.cpp                                                                   133                13    90.23%           7                 1    85.71%         191                26    86.39%          90                17    81.11%
source/slang/slang-ast-natural-layout.h                                                                      20                 1    95.00%          12                 0   100.00%          23                 0   100.00%           8                 3    62.50%
source/slang/slang-ast-print.cpp                                                                            903               595    34.11%          24                 5    79.17%        1684              1144    32.07%         742               529    28.71%
source/slang/slang-ast-print.h                                                                               22                10    54.55%          11                 6    45.45%          31                19    38.71%           4                 3    25.00%
source/slang/slang-ast-support-types.cpp                                                                     57                15    73.68%           6                 1    83.33%         104                27    74.04%          48                16    66.67%
source/slang/slang-ast-support-types.h                                                                       95                21    77.89%          92                21    77.17%         190                35    81.58%           0                 0         -
source/slang/slang-ast-synthesis.cpp                                                                         55                 3    94.55%          23                 3    86.96%         171                20    88.30%          12                 4    66.67%
source/slang/slang-ast-synthesis.h                                                                           29                 1    96.55%          11                 0   100.00%          66                 4    93.94%          12                 3    75.00%
source/slang/slang-ast-type.cpp                                                                             821               153    81.36%         155                28    81.94%        1875               357    80.96%         554               128    76.90%
source/slang/slang-ast-type.h                                                                                60                25    58.33%          60                25    58.33%         102                62    39.22%           0                 0         -
source/slang/slang-ast-val.cpp                                                                             1394               379    72.81%         188                62    67.02%        2570               784    69.49%         990               337    65.96%
source/slang/slang-ast-val.h                                                                                173                70    59.54%         173                70    59.54%         427               252    40.98%           0                 0         -
source/slang/slang-base-type-info.cpp                                                                        30                22    26.67%           2                 1    50.00%          53                43    18.87%          38                19    50.00%
source/slang/slang-base-type-info.h                                                                           1                 1     0.00%           1                 1     0.00%           3                 3     0.00%           0                 0         -
source/slang/slang-capability-val.h                                                                          29                16    44.83%          29                16    44.83%          93                67    27.96%           0                 0         -
source/slang/slang-capability.cpp                                                                           852               226    73.47%         106                22    79.25%        1649               519    68.53%         634               198    68.77%
source/slang/slang-capability.h                                                                              20                 1    95.00%          20                 1    95.00%         108                 1    99.07%           0                 0         -
source/slang/slang-check-conformance.cpp                                                                    218                36    83.49%          14                 2    85.71%         350                78    77.71%         156                36    76.92%
source/slang/slang-check-constraint.cpp                                                                    1735               247    85.76%         128                 3    97.66%        2449               350    85.71%        1303               319    75.52%
source/slang/slang-check-conversion.cpp                                                                    1298               162    87.52%          42                 3    92.86%        2193               276    87.41%        1056               219    79.26%
source/slang/slang-check-decl.cpp                                                                          6547               961    85.32%         528                59    88.83%       13764              2236    83.75%        5139              1176    77.12%
source/slang/slang-check-expr.cpp                                                                          3887               507    86.96%         210                11    94.76%        7136              1042    85.40%        2950               658    77.69%
source/slang/slang-check-impl.h                                                                             301                13    95.68%         162                11    93.21%         581                32    94.49%          96                 8    91.67%
source/slang/slang-check-inheritance.cpp                                                                    564                37    93.44%          41                 1    97.56%        1402                60    95.72%         444                63    85.81%
source/slang/slang-check-modifier.cpp                                                                      1294               176    86.40%          26                 3    88.46%        1925               396    79.43%        1158               264    77.20%
source/slang/slang-check-out-of-bound-access.cpp                                                             29                 0   100.00%           4                 0   100.00%          62                 0   100.00%          26                 0   100.00%
source/slang/slang-check-overload.cpp                                                                      1364               116    91.50%          61                 3    95.08%        2851               262    90.81%        1068               168    84.27%
source/slang/slang-check-resolve-val.cpp                                                                     16                 2    87.50%           6                 0   100.00%          27                 2    92.59%           4                 0   100.00%
source/slang/slang-check-shader.cpp                                                                        1040               117    88.75%          69                 1    98.55%        2187               303    86.15%         846               152    82.03%
source/slang/slang-check-stmt.cpp                                                                           433                32    92.61%          39                 2    94.87%         798                67    91.60%         344                52    84.88%
source/slang/slang-check-type.cpp                                                                           227                50    77.97%          27                 4    85.19%         432               113    73.84%         158                49    68.99%
source/slang/slang-check.cpp                                                                                 51                23    54.90%          10                 4    60.00%         140                51    63.57%          26                12    53.85%
source/slang/slang-code-gen.cpp                                                                             539                86    84.04%          41                 3    92.68%        1030               172    83.30%         514               108    78.99%
source/slang/slang-code-gen.h                                                                                21                 1    95.24%          21                 1    95.24%          27                 1    96.30%           0                 0         -
source/slang/slang-compile-request.cpp                                                                      203                15    92.61%          26                 0   100.00%         446                43    90.36%         132                19    85.61%
source/slang/slang-compile-request.h                                                                         22                 4    81.82%          22                 4    81.82%         115                15    86.96%           0                 0         -
source/slang/slang-compiler-api.h                                                                            17                 4    76.47%          17                 4    76.47%          59                12    79.66%           0                 0         -
source/slang/slang-compiler-options.cpp                                                                     181                31    82.87%          18                 1    94.44%         381                78    79.53%         222                54    75.68%
source/slang/slang-compiler-options.h                                                                        52                 4    92.31%          52                 4    92.31%         260                43    83.46%           0                 0         -
source/slang/slang-compiler-tu.cpp                                                                           99                26    73.74%           9                 7    22.22%         183                71    61.20%          56                20    64.29%
source/slang/slang-compiler.cpp                                                                              24                 7    70.83%           2                 0   100.00%          36                 7    80.56%          44                11    75.00%
source/slang/slang-container-pool.h                                                                           7                 7     0.00%           7                 7     0.00%          26                26     0.00%           0                 0         -
source/slang/slang-content-assist-info.h                                                                      1                 1     0.00%           1                 1     0.00%           9                 9     0.00%           0                 0         -
source/slang/slang-core-module-textures.cpp                                                                 178               167     6.18%          13                13     0.00%         648               645     0.46%         146               146     0.00%
source/slang/slang-core-module.cpp                                                                            8                 3    62.50%           1                 1     0.00%          10                10     0.00%           6                 2    66.67%
source/slang/slang-diagnostics.cpp                                                                           46                 3    93.48%           6                 0   100.00%          73                15    79.45%          26                 8    69.23%
source/slang/slang-emit-base.cpp                                                                             24                13    45.83%           4                 1    75.00%          47                20    57.45%          14                 9    35.71%
source/slang/slang-emit-base.h                                                                                2                 0   100.00%           1                 0   100.00%           1                 0   100.00%           0                 0         -
source/slang/slang-emit-c-like.cpp                                                                         1728               216    87.50%         144                10    93.06%        3970               598    84.94%        1726               258    85.05%
source/slang/slang-emit-c-like.h                                                                            140                17    87.86%          81                15    81.48%         165                26    84.24%           2                 0   100.00%
source/slang/slang-emit-cpp.cpp                                                                             741               164    77.87%          53                10    81.13%        1858               490    73.63%         701               165    76.46%
source/slang/slang-emit-cpp.h                                                                                 6                 1    83.33%           5                 1    80.00%          10                 1    90.00%           0                 0         -
source/slang/slang-emit-cuda.cpp                                                                            571               103    81.96%          46                 4    91.30%        1386               282    79.65%         542               105    80.63%
source/slang/slang-emit-cuda.h                                                                               20                 3    85.00%          13                 3    76.92%          24                 5    79.17%           2                 0   100.00%
source/slang/slang-emit-dependency-file.cpp                                                                  52                10    80.77%           4                 0   100.00%         107                19    82.24%          44                14    68.18%
source/slang/slang-emit-glsl.cpp                                                                           1164               281    75.86%          73                 5    93.15%        3067               777    74.67%        1169               278    76.22%
source/slang/slang-emit-glsl.h                                                                                4                 1    75.00%           4                 1    75.00%          10                 3    70.00%           0                 0         -
source/slang/slang-emit-hlsl-prelude.cpp                                                                     92                52    43.48%           5                 0   100.00%         124                59    52.42%         114                47    58.77%
source/slang/slang-emit-hlsl.cpp                                                                            809               123    84.80%          52                 4    92.31%        2039               376    81.56%         806               159    80.27%
source/slang/slang-emit-hlsl.h                                                                                7                 1    85.71%           5                 1    80.00%          14                 1    92.86%           0                 0         -
source/slang/slang-emit-llvm.cpp                                                                            855               125    85.38%          57                 9    84.21%        2172               395    81.81%         869               157    81.93%
source/slang/slang-emit-metal.cpp                                                                           546                95    82.60%          47                 8    82.98%        1606               317    80.26%         584               110    81.16%
source/slang/slang-emit-metal.h                                                                               7                 1    85.71%           4                 1    75.00%           9                 1    88.89%           0                 0         -
source/slang/slang-emit-precedence.cpp                                                                       45                 1    97.78%           1                 0   100.00%          71                 1    98.59%          88                21    76.14%
source/slang/slang-emit-precedence.h                                                                          4                 0   100.00%           4                 0   100.00%          18                 0   100.00%           0                 0         -
source/slang/slang-emit-slang.cpp                                                                             5                 0   100.00%           1                 0   100.00%           6                 0   100.00%           0                 0         -
source/slang/slang-emit-source-writer.cpp                                                                   164                12    92.68%          34                 5    85.29%         344                29    91.57%         121                18    85.12%
source/slang/slang-emit-source-writer.h                                                                       7                 1    85.71%           7                 1    85.71%           7                 1    85.71%           0                 0         -
source/slang/slang-emit-spirv-ops-debug-info-ext.h                                                           39                 2    94.87%          27                 2    92.59%         443                17    96.16%           8                 0   100.00%
source/slang/slang-emit-spirv-ops.h                                                                         107                 6    94.39%         107                 6    94.39%         852                58    93.19%           0                 0         -
source/slang/slang-emit-spirv.cpp                                                                          3830               492    87.15%         295                12    95.93%        9563              1184    87.62%        3717               684    81.60%
source/slang/slang-emit-torch.cpp                                                                            52                12    76.92%           5                 0   100.00%         178                42    76.40%          60                14    76.67%
source/slang/slang-emit-torch.h                                                                               2                 0   100.00%           1                 0   100.00%           3                 0   100.00%           0                 0         -
source/slang/slang-emit-vm.cpp                                                                              305                35    88.52%          27                 1    96.30%        1105               110    90.05%         338                51    84.91%
source/slang/slang-emit-wgsl.cpp                                                                            545                87    84.04%          38                 1    97.37%        1472               254    82.74%         615               112    81.79%
source/slang/slang-emit-wgsl.h                                                                                4                 1    75.00%           3                 1    66.67%           6                 1    83.33%           0                 0         -
source/slang/slang-emit.cpp                                                                                1388                66    95.24%          40                 1    97.50%        2272               139    93.88%        1066               130    87.80%
source/slang/slang-end-to-end-request.cpp                                                                  1024               237    76.86%         124                41    66.94%        1459               458    68.61%         540               173    67.96%
source/slang/slang-end-to-end-request.h                                                                      12                 1    91.67%          12                 1    91.67%          22                 3    86.36%           0                 0         -
source/slang/slang-entry-point.cpp                                                                           50                 1    98.00%          16                 0   100.00%          82                 0   100.00%          12                 1    91.67%
source/slang/slang-entry-point.h                                                                             30                15    50.00%          30                15    50.00%          90                58    35.56%           0                 0         -
source/slang/slang-extension-tracker.cpp                                                                     24                 2    91.67%           5                 0   100.00%          74                 9    87.84%          30                 2    93.33%
source/slang/slang-extension-tracker.h                                                                        7                 1    85.71%           6                 1    83.33%           8                 1    87.50%           0                 0         -
source/slang/slang-fossil.cpp                                                                                32                 8    75.00%           5                 3    40.00%          54                37    31.48%          10                 5    50.00%
source/slang/slang-fossil.h                                                                                  40                16    60.00%          40                16    60.00%         114                44    61.40%           0                 0         -
source/slang/slang-global-session.cpp                                                                       384                82    78.65%          47                17    63.83%         754               266    64.72%         206                66    67.96%
source/slang/slang-global-session.h                                                                          20                 3    85.00%          20                 3    85.00%          55                10    81.82%           0                 0         -
source/slang/slang-hlsl-to-vulkan-layout-options.cpp                                                         49                17    65.31%          11                 4    63.64%         110                29    73.64%          42                16    61.90%
source/slang/slang-hlsl-to-vulkan-layout-options.h                                                           22                 9    59.09%          22                 9    59.09%          34                14    58.82%           0                 0         -
source/slang/slang-intrinsic-expand.cpp                                                                     458                54    88.21%          13                 0   100.00%         631               117    81.46%         340                63    81.47%
source/slang/slang-intrinsic-expand.h                                                                         3                 0   100.00%           1                 0   100.00%           3                 0   100.00%           0                 0         -
source/slang/slang-ir-addr-inst-elimination.cpp                                                              58                 4    93.10%           7                 0   100.00%         148                13    91.22%          56                 6    89.29%
source/slang/slang-ir-any-value-inference.cpp                                                               179                11    93.85%          14                 0   100.00%         355                33    90.70%         175                32    81.71%
source/slang/slang-ir-any-value-marshalling.cpp                                                             356                38    89.33%          29                 0   100.00%        1104                84    92.39%         344                71    79.36%
source/slang/slang-ir-autodiff-cfg-norm.cpp                                                                 179                11    93.85%          16                 0   100.00%         431                45    89.56%         118                18    84.75%
source/slang/slang-ir-autodiff-fwd.cpp                                                                     1153               177    84.65%          92                 8    91.30%        2835               509    82.05%         986               253    74.34%
source/slang/slang-ir-autodiff-loop-analysis.cpp                                                            474                74    84.39%          34                 3    91.18%         679               105    84.54%         366                84    77.05%
source/slang/slang-ir-autodiff-loop-analysis.h                                                               44                 9    79.55%          11                 2    81.82%          91                32    64.84%          48                 9    81.25%
source/slang/slang-ir-autodiff-pairs.cpp                                                                    168                40    76.19%          19                 1    94.74%         410               111    72.93%         115                39    66.09%
source/slang/slang-ir-autodiff-primal-hoist.cpp                                                            1084               122    88.75%          60                 3    95.00%        2129               191    91.03%         936               182    80.56%
source/slang/slang-ir-autodiff-primal-hoist.h                                                                69                18    73.91%          22                 5    77.27%         153                40    73.86%          50                15    70.00%
source/slang/slang-ir-autodiff-region.cpp                                                                    18                 0   100.00%           1                 0   100.00%          35                 0   100.00%          13                 0   100.00%
source/slang/slang-ir-autodiff-region.h                                                                      15                 3    80.00%          10                 3    70.00%          47                28    40.43%           2                 0   100.00%
source/slang/slang-ir-autodiff-rev.cpp                                                                      159                13    91.82%          14                 0   100.00%         732                39    94.67%         108                14    87.04%
source/slang/slang-ir-autodiff-transpose.cpp                                                                860               121    85.93%          83                16    80.72%        2113               406    80.79%         617               125    79.74%
source/slang/slang-ir-autodiff-unzip.cpp                                                                    394                51    87.06%          36                 5    86.11%        1240               185    85.08%         318                59    81.45%
source/slang/slang-ir-autodiff.cpp                                                                          528                79    85.04%          53                 3    94.34%         983               134    86.37%         427               104    75.64%
source/slang/slang-ir-autodiff.h                                                                            165                41    75.15%          18                 2    88.89%         365               127    65.21%         118                43    63.56%
source/slang/slang-ir-bind-existentials.cpp                                                                  57                 6    89.47%           7                 0   100.00%         115                14    87.83%          40                 7    82.50%
source/slang/slang-ir-bit-field-accessors.cpp                                                                71                 4    94.37%           6                 0   100.00%         129                16    87.60%          38                 8    78.95%
[...]
source/slang/slang-ir-uniformity.cpp                                                                        187                57    69.52%          11                 0   100.00%         424               112    73.58%         178                67    62.36%
source/slang/slang-ir-use-uninitialized-values.cpp                                                          449                27    93.99%          30                 0   100.00%         719                43    94.02%         412                51    87.62%
source/slang/slang-ir-user-type-hint.cpp                                                                      9                 0   100.00%           1                 0   100.00%          21                 0   100.00%           8                 2    75.00%
source/slang/slang-ir-util.cpp                                                                             1629               246    84.90%         136                19    86.03%        2699               534    80.21%        1683               371    77.96%
source/slang/slang-ir-util.h                                                                                 96                 6    93.75%          19                 0   100.00%         130                 8    93.85%          59                 7    88.14%
source/slang/slang-ir-validate.cpp                                                                          349                63    81.95%          30                 3    90.00%         626               104    83.39%         316                85    73.10%
source/slang/slang-ir-validate.h                                                                              2                 1    50.00%           2                 1    50.00%           6                 3    50.00%           0                 0         -
source/slang/slang-ir-variable-scope-correction.cpp                                                          90                 8    91.11%           9                 0   100.00%         162                14    91.36%          74                 8    89.19%
source/slang/slang-ir-vk-invert-y.cpp                                                                        37                 6    83.78%           7                 0   100.00%         128                10    92.19%          24                 8    66.67%
source/slang/slang-ir-wgsl-legalize.cpp                                                                     122                12    90.16%          13                 1    92.31%         242                23    90.50%         134                15    88.81%
source/slang/slang-ir-wrap-cbuffer-element.cpp                                                               31                 4    87.10%           6                 0   100.00%          95                 5    94.74%          20                 3    85.00%
source/slang/slang-ir-wrap-structured-buffers.cpp                                                            34                 0   100.00%           8                 0   100.00%         176                 0   100.00%          28                 5    82.14%
source/slang/slang-ir.cpp                                                                                  3203               312    90.26%         634                71    88.80%        6831               883    87.07%        2575               347    86.52%
source/slang/slang-ir.h                                                                                     234                35    85.04%         234                35    85.04%         505               114    77.43%           0                 0         -
source/slang/slang-legalize-types.cpp                                                                       410                82    80.00%          44                17    61.36%         893               244    72.68%         304                64    78.95%
source/slang/slang-legalize-types.h                                                                          42                 5    88.10%          17                 4    76.47%          70                10    85.71%           6                 1    83.33%
source/slang/slang-linkable-impls.cpp                                                                       172                28    83.72%          63                12    80.95%         425                75    82.35%          74                17    77.03%
source/slang/slang-linkable-impls.h                                                                          65                46    29.23%          65                46    29.23%         182               157    13.74%           0                 0         -
source/slang/slang-linkable.cpp                                                                             468                80    82.91%          58                11    81.03%         757               159    79.00%         250                74    70.40%
source/slang/slang-linkable.h                                                                                 6                 6     0.00%           6                 6     0.00%          13                13     0.00%           0                 0         -
source/slang/slang-lookup.cpp                                                                               321                14    95.64%          20                 0   100.00%         635                21    96.69%         240                20    91.67%
source/slang/slang-lower-to-ir.cpp                                                                         4075               489    88.00%         495                65    86.87%        9978              1328    86.69%        2772               446    83.91%
source/slang/slang-mangle.cpp                                                                               433                18    95.84%          23                 1    95.65%         825                60    92.73%         334                19    94.31%
source/slang/slang-markdown.cpp                                                                              32                 3    90.62%           4                 0   100.00%          49                 2    95.92%          20                 5    75.00%
source/slang/slang-module-library.cpp                                                                        56                 7    87.50%           5                 0   100.00%          80                17    78.75%          32                12    62.50%
source/slang/slang-module-library.h                                                                           8                 2    75.00%           3                 2    33.33%           6                 5    16.67%           0                 0         -
source/slang/slang-module.cpp                                                                               149                18    87.92%          29                 4    86.21%         287                34    88.15%          96                12    87.50%
source/slang/slang-module.h                                                                                  44                17    61.36%          44                17    61.36%         159                86    45.91%           0                 0         -
source/slang/slang-options.cpp                                                                             1490               246    83.49%          47                 9    80.85%        3419               704    79.41%        1149               210    81.72%
source/slang/slang-parameter-binding.cpp                                                                   1045                84    91.96%         102                 5    95.10%        2613               192    92.65%         804               110    86.32%
source/slang/slang-parser.cpp                                                                              3330               385    88.44%         375                31    91.73%        7445               941    87.36%        2742               583    78.74%
source/slang/slang-pass-through.cpp                                                                         109                34    68.81%           7                 2    71.43%         214                83    61.21%         132                43    67.42%
source/slang/slang-pass-wrapper.cpp                                                                          22                 2    90.91%           5                 0   100.00%          44                 4    90.91%          14                 2    85.71%
source/slang/slang-pass-wrapper.h                                                                             8                 1    87.50%           3                 0   100.00%          18                 3    83.33%           2                 1    50.00%
source/slang/slang-preprocessor.cpp                                                                        1082               140    87.06%         169                10    94.08%        2556               306    88.03%         783               146    81.35%
source/slang/slang-profile-defs.h                                                                             0                 0         -           0                 0         -           0                 0         -           0                 0         -
source/slang/slang-profile.cpp                                                                             2908              1072    63.14%          15                 2    86.67%         253                70    72.33%        1068               330    69.10%
source/slang/slang-profile.h                                                                                 11                 1    90.91%          11                 1    90.91%          15                 1    93.33%           0                 0         -
source/slang/slang-reflection-api.cpp                                                                      2224               747    66.41%         227                37    83.70%        3185               850    73.31%        1330               572    56.99%
source/slang/slang-reflection-json.cpp                                                                      506                98    80.63%          34                 1    97.06%        1046               232    77.82%         408                80    80.39%
source/slang/slang-rich-diagnostics.cpp                                                                      42                 6    85.71%          13                 0   100.00%          72                 6    91.67%          26                 8    69.23%
source/slang/slang-serialize-ast.cpp                                                                        250                20    92.00%          56                 2    96.43%         548                48    91.24%         126                22    82.54%
source/slang/slang-serialize-container.cpp                                                                  324                33    89.81%          36                 2    94.44%         462                79    82.90%         137                38    72.26%
source/slang/slang-serialize-fossil.cpp                                                                     405                41    89.88%          89                 9    89.89%         967                78    91.93%         319                38    88.09%
source/slang/slang-serialize-fossil.h                                                                        68                11    83.82%          45                 9    80.00%         147                34    76.87%           6                 3    50.00%
source/slang/slang-serialize-ir-types.cpp                                                                    17                17     0.00%           5                 5     0.00%          30                30     0.00%          14                14     0.00%
source/slang/slang-serialize-ir-types.h                                                                      10                10     0.00%          10                10     0.00%          67                67     0.00%           0                 0         -
source/slang/slang-serialize-ir.cpp                                                                         339                11    96.76%          21                 1    95.24%         582               161    72.34%         171                11    93.57%
source/slang/slang-serialize-ir.h                                                                            35                 0   100.00%           2                 0   100.00%          86                 0   100.00%          28                 0   100.00%
source/slang/slang-serialize-riff.cpp                                                                       201               167    16.92%          84                84     0.00%         463               458     1.08%          84                80     4.76%
source/slang/slang-serialize-riff.h                                                                           1                 1     0.00%           1                 1     0.00%           5                 5     0.00%           0                 0         -
source/slang/slang-serialize-source-loc.cpp                                                                 145                24    83.45%          11                 3    72.73%         313                53    83.07%          90                25    72.22%
source/slang/slang-serialize-source-loc.h                                                                    22                13    40.91%          22                13    40.91%          65                39    40.00%           0                 0         -
source/slang/slang-serialize-types.cpp                                                                       46                 3    93.48%          10                 1    90.00%          94                13    86.17%          18                 2    88.89%
source/slang/slang-serialize-types.h                                                                          2                 2     0.00%           2                 2     0.00%           3                 3     0.00%           0                 0         -
source/slang/slang-session.cpp                                                                              666               118    82.28%          67                 9    86.57%        1447               294    79.68%         382               111    70.94%
source/slang/slang-session.h                                                                                 13                 2    84.62%          13                 2    84.62%          24                 8    66.67%           0                 0         -
source/slang/slang-syntax.cpp                                                                               627               198    68.42%          74                16    78.38%        1120               403    64.02%         514               193    62.45%
source/slang/slang-syntax.h                                                                                  39                 3    92.31%          39                 3    92.31%         186                19    89.78%           0                 0         -
source/slang/slang-target-program.cpp                                                                        46                10    78.26%           5                 0   100.00%          86                18    79.07%          26                 9    65.38%
source/slang/slang-target-program.h                                                                           9                 9     0.00%           9                 9     0.00%          23                23     0.00%           0                 0         -
source/slang/slang-target.cpp                                                                                88                 8    90.91%           9                 1    88.89%         174                 8    95.40%         104                12    88.46%
source/slang/slang-target.h                                                                                   6                 6     0.00%           6                 6     0.00%          15                15     0.00%           0                 0         -
source/slang/slang-translation-unit.cpp                                                                      81                11    86.42%          13                 2    84.62%         151                30    80.13%          54                14    74.07%
source/slang/slang-translation-unit.h                                                                         8                 1    87.50%           8                 1    87.50%          16                 1    93.75%           0                 0         -
source/slang/slang-type-layout.cpp                                                                         1664               298    82.09%         288                64    77.78%        3458               677    80.42%        1402               331    76.39%
source/slang/slang-type-layout.h                                                                            339                44    87.02%         102                18    82.35%         561               135    75.94%         148                39    73.65%
source/slang/slang-visitor.h                                                                                 77                53    31.17%          58                38    34.48%         245               178    27.35%          30                25    16.67%
source/slang/slang-vm-bytecode.cpp                                                                          253                53    79.05%          12                 0   100.00%         473               150    68.29%         258                62    75.97%
source/slang/slang-vm-bytecode.h                                                                             22                 2    90.91%          11                 0   100.00%          39                 6    84.62%           4                 2    50.00%
source/slang/slang-vm-inst-impl.cpp                                                                         378               139    63.23%          55                 8    85.45%         943               300    68.19%         512               183    64.26%
source/slang/slang-vm.cpp                                                                                   706                86    87.82%          42                 2    95.24%         969               136    85.96%         568               144    74.65%
source/slang/slang-vm.h                                                                                      11                 1    90.91%          10                 1    90.00%          51                 3    94.12%           0                 0         -
source/slang/slang.cpp                                                                                       69                 5    92.75%           5                 0   100.00%         137                 4    97.08%          84                10    88.10%
-------------------------------------------------------------------------------------------------------------------------------------------------------------------------------------------------------------------------------------------------------------------
TOTAL                                                                                                         0                 0         -       15446              2624    83.01%      260080             49343    81.03%       96588             22294    76.92%
