Filename                                                                                                Regions    Missed Regions     Cover   Functions  Missed Functions  Executed       Lines      Missed Lines     Cover    Branches   Missed Branches     Cover
-------------------------------------------------------------------------------------------------------------------------------------------------------------------------------------------------------------------------------------------------------------------
build/prelude/slang-cpp-host-prelude.h.cpp                                                                    1                 0   100.00%           1                 0   100.00%       20639                 0   100.00%           0                 0         -
build/prelude/slang-cpp-prelude.h.cpp                                                                         1                 0   100.00%           1                 0   100.00%        4297                 0   100.00%           0                 0         -
build/prelude/slang-cuda-prelude.h.cpp                                                                        1                 0   100.00%           1                 0   100.00%        8651                 0   100.00%           0                 0         -
build/prelude/slang-hlsl-prelude.h.cpp                                                                        1                 0   100.00%           1                 0   100.00%          15                 0   100.00%           0                 0         -
build/prelude/slang-torch-prelude.h.cpp                                                                       1                 0   100.00%           1                 0   100.00%       15554                 0   100.00%           0                 0         -
build/source/slang-core-module/core-module-meta/core.meta.slang.h                                             0                 0         -           0                 0         -           0                 0         -           0                 0         -
build/source/slang-core-module/core-module-meta/diff.meta.slang.h                                             0                 0         -           0                 0         -           0                 0         -           0                 0         -
build/source/slang-core-module/core-module-meta/glsl.meta.slang.h                                             0                 0         -           0                 0         -           0                 0         -           0                 0         -
build/source/slang-core-module/core-module-meta/hlsl.meta.slang.h                                             0                 0         -           0                 0         -           0                 0         -           0                 0         -
build/source/slang/capability/slang-generated-capability-defs-impl.h                                        482                 0   100.00%         481                 0   100.00%        3772                 0   100.00%           2                 0   100.00%
build/source/slang/capability/slang-lookup-capability-defs.cpp                                                6                 0   100.00%           2                 0   100.00%         721                 0   100.00%           4                 0   100.00%
build/source/slang/fiddle/slang-ast-base.h.fiddle                                                            13                13     0.00%          13                13     0.00%          13                13     0.00%           0                 0         -
build/source/slang/fiddle/slang-ast-decl.h.fiddle                                                            73                 2    97.26%          73                 2    97.26%          73                 2    97.26%           0                 0         -
build/source/slang/fiddle/slang-ast-dispatch.h.fiddle                                                      1200               583    51.42%          11                 0   100.00%        2411              1166    51.64%        2356               584    75.21%
build/source/slang/fiddle/slang-ast-dump.cpp.fiddle                                                        2094               698    66.67%         698               698     0.00%        3790              3092    18.42%           0                 0         -
build/source/slang/fiddle/slang-ast-expr.h.fiddle                                                           101                 8    92.08%         101                 8    92.08%         101                 8    92.08%           0                 0         -
build/source/slang/fiddle/slang-ast-modifier.h.fiddle                                                       273                26    90.48%         273                26    90.48%         273                26    90.48%           0                 0         -
build/source/slang/fiddle/slang-ast-stmt.h.fiddle                                                            36                 2    94.44%          36                 2    94.44%          36                 2    94.44%           0                 0         -
build/source/slang/fiddle/slang-ast-type.h.fiddle                                                           131                10    92.37%         131                10    92.37%         131                10    92.37%           0                 0         -
build/source/slang/fiddle/slang-ast-val.h.fiddle                                                             68                 8    88.24%          68                 8    88.24%          68                 8    88.24%           0                 0         -
build/source/slang/fiddle/slang-capability-val.h.fiddle                                                       3                 3     0.00%           3                 3     0.00%           3                 3     0.00%           0                 0         -
build/source/slang/fiddle/slang-ir-insts.h.fiddle                                                          1815               944    47.99%        1699               923    45.67%        5185              2845    45.13%         168                27    83.93%
build/source/slang/fiddle/slang-ir.h.fiddle                                                                  64                11    82.81%          64                11    82.81%         185                26    85.95%           0                 0         -
build/source/slang/fiddle/slang-rich-diagnostics.cpp.fiddle                                                2343               483    79.39%        1642               374    77.22%       13211              2907    78.00%          28                13    53.57%
build/source/slang/fiddle/slang-serialize-ast.cpp.fiddle                                                   2159               495    77.07%         723               495    31.54%        3901              2147    44.96%           0                 0         -
build/source/slang/fiddle/slang-serialize-ir.cpp.fiddle                                                      30                12    60.00%          15                12    20.00%          60                36    40.00%           0                 0         -
build/source/slang/fiddle/slang-visitor.h.fiddle                                                            870               160    81.61%         870               160    81.61%        2610               480    81.61%           0                 0         -
build/source/slang/slang-lookup-tables/slang-lookup-GLSLstd450.cpp                                            6                 1    83.33%           2                 0   100.00%         117                 4    96.58%           4                 1    75.00%
build/source/slang/slang-lookup-tables/slang-spirv-core-grammar-embed.cpp                                  3066              2741    10.60%          18                 5    72.22%       15663             10285    34.34%        6072              4884    19.57%
build/source/slang/slang-version-header/slang-tag-version.h                                                   0                 0         -           0                 0         -           0                 0         -           0                 0         -
build/source/standard-modules/slang-standard-module-config-header/slang-standard-module-config.h              0                 0         -           0                 0         -           0                 0         -           0                 0         -
external/dxc/WinAdapter.h                                                                                     7                 5    28.57%           7                 5    28.57%          23                19    17.39%           0                 0         -
include/slang-com-helper.h                                                                                   18                 3    83.33%           6                 2    66.67%          33                13    60.61%          12                 2    83.33%
include/slang-com-ptr.h                                                                                      37                 0   100.00%          16                 0   100.00%          70                 0   100.00%          16                 1    93.75%
include/slang.h                                                                                             195                67    65.64%         195                67    65.64%         701               219    68.76%           0                 0         -
source/compiler-core/slang-artifact-associated-impl.cpp                                                     360                26    92.78%          44                 4    90.91%         402                58    85.57%         166                29    82.53%
source/compiler-core/slang-artifact-associated-impl.h                                                        70                 4    94.29%          17                 4    76.47%          79                20    74.68%          50                 2    96.00%
source/compiler-core/slang-artifact-associated.h                                                              1                 1     0.00%           1                 1     0.00%           1                 1     0.00%           0                 0         -
source/compiler-core/slang-artifact-container-util.cpp                                                      379                76    79.95%          38                 5    86.84%         485                89    81.65%         198                38    80.81%
source/compiler-core/slang-artifact-desc-util.cpp                                                           514               128    75.10%          33                 4    87.88%         681               231    66.08%         390               134    65.64%
source/compiler-core/slang-artifact-desc-util.h                                                               5                 0   100.00%           1                 0   100.00%           4                 0   100.00%           6                 2    66.67%
source/compiler-core/slang-artifact-diagnostic-util.cpp                                                      47                10    78.72%           5                 1    80.00%          90                21    76.67%          32                14    56.25%
source/compiler-core/slang-artifact-handler-impl.cpp                                                        191                39    79.58%          11                 4    63.64%         229                57    75.11%         102                27    73.53%
source/compiler-core/slang-artifact-handler-impl.h                                                            3                 2    33.33%           3                 2    33.33%           3                 2    33.33%           0                 0         -
source/compiler-core/slang-artifact-helper.cpp                                                               65                39    40.00%          22                19    13.64%         108                74    31.48%          20                13    35.00%
source/compiler-core/slang-artifact-helper.h                                                                  4                 2    50.00%           4                 2    50.00%           3                 2    33.33%           0                 0         -
source/compiler-core/slang-artifact-impl.cpp                                                                164                37    77.44%          30                 7    76.67%         269                83    69.14%          98                39    60.20%
source/compiler-core/slang-artifact-impl.h                                                                   21                 0   100.00%           9                 0   100.00%          22                 0   100.00%           0                 0         -
source/compiler-core/slang-artifact-representation-impl.cpp                                                 151                37    75.50%          22                 4    81.82%         181                53    70.72%          98                36    63.27%
source/compiler-core/slang-artifact-representation-impl.h                                                    74                 8    89.19%          25                 8    68.00%          54                19    64.81%           2                 0   100.00%
source/compiler-core/slang-artifact-util.cpp                                                                116                73    37.07%          25                15    40.00%         219               147    32.88%          76                57    25.00%
source/compiler-core/slang-artifact.h                                                                        49                 8    83.67%          26                 7    73.08%          76                24    68.42%          14                 6    57.14%
source/compiler-core/slang-command-line-args.cpp                                                            127                 5    96.06%          13                 0   100.00%         236                14    94.07%          66                 7    89.39%
source/compiler-core/slang-command-line-args.h                                                               34                 3    91.18%          22                 2    90.91%          49                 5    89.80%           6                 1    83.33%
source/compiler-core/slang-core-diagnostics.cpp                                                               4                 0   100.00%           2                 0   100.00%          10                 0   100.00%           0                 0         -
source/compiler-core/slang-diagnostic-sink.cpp                                                              309                77    75.08%          46                10    78.26%         621               181    70.85%         216                77    64.35%
source/compiler-core/slang-diagnostic-sink.h                                                                 66                 8    87.88%          34                 6    82.35%         122                22    81.97%          36                 3    91.67%
source/compiler-core/slang-doc-extractor.cpp                                                                447                66    85.23%          19                 0   100.00%         704               104    85.23%         374                75    79.95%
source/compiler-core/slang-doc-extractor.h                                                                    9                 1    88.89%           7                 1    85.71%          16                 1    93.75%           4                 1    75.00%
source/compiler-core/slang-downstream-compiler-set.cpp                                                       36                12    66.67%          10                 4    60.00%          72                23    68.06%          20                 9    55.00%
source/compiler-core/slang-downstream-compiler-set.h                                                          2                 1    50.00%           2                 1    50.00%           4                 1    75.00%           0                 0         -
source/compiler-core/slang-downstream-compiler-util.cpp                                                     119                31    73.95%          19                 2    89.47%         306                83    72.88%          86                27    68.60%
source/compiler-core/slang-downstream-compiler-util.h                                                         7                 1    85.71%           4                 1    75.00%          11                 2    81.82%           0                 0         -
source/compiler-core/slang-downstream-compiler.cpp                                                           79                21    73.42%           5                 4    20.00%         162                61    62.35%          48                16    66.67%
source/compiler-core/slang-downstream-compiler.h                                                             77                34    55.84%          27                13    51.85%          93                50    46.24%           8                 4    50.00%
source/compiler-core/slang-dxc-compiler.cpp                                                                 333                99    70.27%          24                 4    83.33%         561               142    74.69%         208                98    52.88%
source/compiler-core/slang-fxc-compiler.cpp                                                                   7                 0   100.00%           1                 0   100.00%           6                 0   100.00%           0                 0         -
source/compiler-core/slang-gcc-compiler-util.cpp                                                            509               115    77.41%          24                 0   100.00%         718               230    67.97%         294               112    61.90%
source/compiler-core/slang-gcc-compiler-util.h                                                                5                 0   100.00%           4                 0   100.00%          12                 0   100.00%           0                 0         -
source/compiler-core/slang-glslang-compiler.cpp                                                             202                40    80.20%          21                 1    95.24%         331                77    76.74%          90                38    57.78%
source/compiler-core/slang-include-system.cpp                                                               111                18    83.78%           6                 1    83.33%         135                39    71.11%          48                 8    83.33%
source/compiler-core/slang-include-system.h                                                                   8                 3    62.50%           7                 3    57.14%          12                 3    75.00%           0                 0         -
source/compiler-core/slang-json-diagnostics.cpp                                                               3                 2    33.33%           2                 2     0.00%           9                 8    11.11%           0                 0         -
source/compiler-core/slang-json-lexer.cpp                                                                   208                70    66.35%          16                 6    62.50%         422               196    53.55%         224                94    58.04%
source/compiler-core/slang-json-lexer.h                                                                       8                 1    87.50%           6                 1    83.33%          15                 3    80.00%           0                 0         -
source/compiler-core/slang-json-native.cpp                                                                  299                82    72.58%          11                 4    63.64%         452               161    64.38%         166                47    71.69%
source/compiler-core/slang-json-native.h                                                                     10                 1    90.00%           4                 1    75.00%          12                 3    75.00%           0                 0         -
source/compiler-core/slang-json-parser.cpp                                                                  187                16    91.44%          26                 0   100.00%         367                34    90.74%         114                 8    92.98%
source/compiler-core/slang-json-parser.h                                                                     23                 6    73.91%          15                 6    60.00%          43                24    44.19%          12                 3    75.00%
source/compiler-core/slang-json-rpc-connection.cpp                                                          163                44    73.01%          24                 5    79.17%         235                77    67.23%          78                23    70.51%
source/compiler-core/slang-json-rpc-connection.h                                                             15                 4    73.33%          12                 3    75.00%          26                 7    73.08%           2                 1    50.00%
source/compiler-core/slang-json-rpc.cpp                                                                      44                20    54.55%          10                 4    60.00%         109                38    65.14%          22                 9    59.09%
source/compiler-core/slang-json-rpc.h                                                                         5                 5     0.00%           5                 5     0.00%          21                21     0.00%           0                 0         -
source/compiler-core/slang-json-source-map-util.cpp                                                         164                18    89.02%          11                 0   100.00%         305                16    94.75%          90                 8    91.11%
source/compiler-core/slang-json-value.cpp                                                                   591               238    59.73%          81                27    66.67%        1250               575    54.00%         462               220    52.38%
source/compiler-core/slang-json-value.h                                                                      53                13    75.47%          37                11    70.27%         121                20    83.47%          14                 7    50.00%
source/compiler-core/slang-language-server-protocol.cpp                                                      62                 0   100.00%          62                 0   100.00%         572                 0   100.00%           0                 0         -
source/compiler-core/slang-language-server-protocol.h                                                        13                 5    61.54%           6                 1    83.33%          15                 4    73.33%           6                 6     0.00%
source/compiler-core/slang-lexer.cpp                                                                        932                41    95.60%          57                 1    98.25%        1767                69    96.10%        1068                92    91.39%
source/compiler-core/slang-lexer.h                                                                           20                 5    75.00%          17                 5    70.59%          38                 7    81.58%           2                 0   100.00%
source/compiler-core/slang-llvm-compiler.cpp                                                                 23                 4    82.61%           1                 0   100.00%          26                 7    73.08%           8                 2    75.00%
source/compiler-core/slang-metal-compiler.cpp                                                                31                 7    77.42%           7                 2    71.43%          59                 5    91.53%          14                 4    71.43%
source/compiler-core/slang-name-convention-util.cpp                                                         106                15    85.85%           8                 0   100.00%         233                37    84.12%         102                19    81.37%
source/compiler-core/slang-name-convention-util.h                                                             3                 0   100.00%           3                 0   100.00%           9                 0   100.00%           0                 0         -
source/compiler-core/slang-name.cpp                                                                          21                 3    85.71%           6                 0   100.00%          29                 1    96.55%          10                 3    70.00%
source/compiler-core/slang-nvrtc-compiler.cpp                                                               651               419    35.64%          39                36     7.69%         896               851     5.02%         342               293    14.33%
source/compiler-core/slang-pretty-writer.cpp                                                                 29                 1    96.55%           6                 1    83.33%          53                 3    94.34%          18                 1    94.44%
source/compiler-core/slang-pretty-writer.h                                                                   19                 3    84.21%          17                 3    82.35%          46                 3    93.48%           0                 0         -
source/compiler-core/slang-rich-diagnostics-render.cpp                                                      347                36    89.63%          28                 0   100.00%         639                53    91.71%         324                82    74.69%
source/compiler-core/slang-slice-allocator.cpp                                                               34                23    32.35%           8                 4    50.00%          85                57    32.94%          18                12    33.33%
source/compiler-core/slang-slice-allocator.h                                                                 13                 0   100.00%          12                 0   100.00%          32                 0   100.00%           0                 0         -
source/compiler-core/slang-source-embed-util.cpp                                                            123                17    86.18%           9                 0   100.00%         246                39    84.15%         100                18    82.00%
source/compiler-core/slang-source-loc.cpp                                                                   340                60    82.35%          58                 5    91.38%         731               146    80.03%         232                76    67.24%
source/compiler-core/slang-source-loc.h                                                                     101                 8    92.08%          68                 7    89.71%         137                10    92.70%          24                 5    79.17%
source/compiler-core/slang-source-map.cpp                                                                   102                60    41.18%          11                 5    54.55%         166                95    42.77%          74                54    27.03%
source/compiler-core/slang-source-map.h                                                                      34                 0   100.00%           8                 0   100.00%          31                 0   100.00%          26                 5    80.77%
source/compiler-core/slang-spirv-core-grammar.cpp                                                            94                63    32.98%          10                 4    60.00%         188               188     0.00%          70                56    20.00%
source/compiler-core/slang-spirv-core-grammar.h                                                               8                 2    75.00%           2                 0   100.00%           8                 2    75.00%           4                 2    50.00%
source/compiler-core/slang-tint-compiler.cpp                                                                 59                32    45.76%           8                 7    12.50%          78                70    10.26%          22                16    27.27%
source/compiler-core/slang-token-defs.h                                                                       0                 0         -           0                 0         -           0                 0         -           0                 0         -
source/compiler-core/slang-token.cpp                                                                        395               260    34.18%           1                 0   100.00%          12                 7    41.67%         136                45    66.91%
source/compiler-core/slang-token.h                                                                           19                 2    89.47%          11                 2    81.82%          39                 9    76.92%           2                 0   100.00%
source/compiler-core/slang-visual-studio-compiler-util.cpp                                                  172               136    20.93%           7                 6    14.29%         370               359     2.97%         132               121     8.33%
source/compiler-core/slang-visual-studio-compiler-util.h                                                      4                 4     0.00%           4                 4     0.00%          11                11     0.00%           0                 0         -
source/core/slang-allocator.h                                                                                16                 2    87.50%           6                 2    66.67%          39                18    53.85%           4                 0   100.00%
source/core/slang-archive-file-system.cpp                                                                    36                 8    77.78%           2                 0   100.00%          48                23    52.08%          20                 7    65.00%
source/core/slang-archive-file-system.h                                                                       3                 0   100.00%           1                 0   100.00%           4                 0   100.00%           4                 1    75.00%
source/core/slang-array-view.h                                                                                7                 7     0.00%           7                 7     0.00%          10                10     0.00%           0                 0         -
source/core/slang-blob-builder.cpp                                                                          103                 5    95.15%          26                 0   100.00%         252                16    93.65%          40                 6    85.00%
source/core/slang-blob-builder.h                                                                             11                 1    90.91%           9                 1    88.89%          19                 3    84.21%           0                 0         -
source/core/slang-blob.cpp                                                                                  114                40    64.91%          23                 6    73.91%         188                71    62.23%          68                33    51.47%
source/core/slang-blob.h                                                                                     97                14    85.57%          43                11    74.42%         177                38    78.53%          28                 7    75.00%
source/core/slang-byte-encode-util.h                                                                         10                 0   100.00%           1                 0   100.00%           4                 0   100.00%           6                 0   100.00%
source/core/slang-castable.cpp                                                                               36                26    27.78%           4                 3    25.00%          47                37    21.28%          22                18    18.18%
source/core/slang-castable.h                                                                                 53                 4    92.45%          13                 2    84.62%          44                 8    81.82%          16                 3    81.25%
source/core/slang-char-encode.cpp                                                                            97                22    77.32%          16                 3    81.25%         169                43    74.56%          58                17    70.69%
source/core/slang-char-encode.h                                                                              75                12    84.00%          12                 3    75.00%         155                28    81.94%          48                12    75.00%
source/core/slang-char-util.cpp                                                                              14                 0   100.00%           2                 0   100.00%          41                 0   100.00%           8                 0   100.00%
source/core/slang-char-util.h                                                                                63                 1    98.41%          17                 1    94.12%          48                 1    97.92%          46                 3    93.48%
source/core/slang-com-object.h                                                                               20                 4    80.00%          10                 4    60.00%          35                 6    82.86%           4                 0   100.00%
source/core/slang-command-line.cpp                                                                           34                 8    76.47%           9                 2    77.78%          89                26    70.79%          22                 9    59.09%
source/core/slang-command-line.h                                                                             16                 6    62.50%          14                 6    57.14%          33                17    48.48%           0                 0         -
source/core/slang-command-options-writer.cpp                                                                233                23    90.13%          31                 1    96.77%         557                71    87.25%         204                49    75.98%
source/core/slang-command-options-writer.h                                                                    1                 0   100.00%           1                 0   100.00%           1                 0   100.00%           0                 0         -
source/core/slang-command-options.cpp                                                                       264                55    79.17%          44                 8    81.82%         532               128    75.94%         164                53    67.68%
source/core/slang-command-options.h                                                                          25                 5    80.00%          16                 5    68.75%          40                 7    82.50%          12                 3    75.00%
source/core/slang-common.h                                                                                    3                 1    66.67%           3                 1    66.67%          10                 2    80.00%           0                 0         -
source/core/slang-compression-system.h                                                                        1                 1     0.00%           1                 1     0.00%           0                 0         -           0                 0         -
source/core/slang-crypto.cpp                                                                                211                 0   100.00%          11                 0   100.00%         241                 0   100.00%          46                 0   100.00%
source/core/slang-crypto.h                                                                                    5                 0   100.00%           5                 0   100.00%           7                 0   100.00%           0                 0         -
source/core/slang-deflate-compression-system.cpp                                                             40                 9    77.50%           8                 1    87.50%          45                11    75.56%          12                 6    50.00%
source/core/slang-dictionary.h                                                                               58                 4    93.10%          58                 4    93.10%         256                31    87.89%           0                 0         -
source/core/slang-exception.h                                                                                 9                 5    44.44%           9                 5    44.44%          13                 6    53.85%           0                 0         -
source/core/slang-file-system.cpp                                                                           590               159    73.05%          63                 8    87.30%         781               250    67.99%         318               117    63.21%
source/core/slang-file-system.h                                                                              72                22    69.44%          37                20    45.95%         107                71    33.64%           6                 2    66.67%
source/core/slang-free-list.cpp                                                                              57                34    40.35%          12                 5    58.33%         144                70    51.39%          32                23    28.12%
source/core/slang-free-list.h                                                                                14                 3    78.57%           7                 3    57.14%          35                 5    85.71%           4                 0   100.00%
source/core/slang-func-ptr.h                                                                                 18                 9    50.00%          13                 6    53.85%          35                20    42.86%           2                 2     0.00%
source/core/slang-hash.h                                                                                     14                 2    85.71%          12                 2    83.33%          59                22    62.71%           0                 0         -
source/core/slang-hex-dump-util.cpp                                                                         151                22    85.43%          10                 3    70.00%         163                25    84.66%          84                12    85.71%
source/core/slang-http.cpp                                                                                  194                55    71.65%          16                 2    87.50%         270                78    71.11%         108                33    69.44%
source/core/slang-http.h                                                                                     19                 5    73.68%           9                 4    55.56%          33                16    51.52%           8                 2    75.00%
source/core/slang-implicit-directory-collector.cpp                                                           38                 1    97.37%           5                 0   100.00%          60                 3    95.00%          24                 4    83.33%
source/core/slang-implicit-directory-collector.h                                                             17                 1    94.12%           7                 1    85.71%          15                 1    93.33%           8                 0   100.00%
source/core/slang-internally-linked-list.h                                                                   38                 3    92.11%          13                 1    92.31%          56                 8    85.71%           8                 2    75.00%
source/core/slang-io.cpp                                                                                    586                82    86.01%          58                 4    93.10%         743               139    81.29%         306                77    74.84%
source/core/slang-io.h                                                                                       16                 5    68.75%          14                 5    64.29%          22                 7    68.18%           4                 0   100.00%
source/core/slang-linked-list.h                                                                              14                 2    85.71%          14                 2    85.71%          71                20    71.83%           0                 0         -
source/core/slang-list.h                                                                                     89                29    67.42%          39                 7    82.05%         253                91    64.03%          36                17    52.78%
source/core/slang-lz4-compression-system.cpp                                                                 28                 6    78.57%           8                 1    87.50%          39                 5    87.18%           6                 4    33.33%
source/core/slang-math.h                                                                                     35                 9    74.29%          35                 9    74.29%         296                99    66.55%           0                 0         -
source/core/slang-memory-arena.cpp                                                                          128                23    82.03%          29                 3    89.66%         288                65    77.43%          68                22    67.65%
source/core/slang-memory-arena.h                                                                             52                 7    86.54%          16                 5    68.75%         168                42    75.00%          20                 2    90.00%
source/core/slang-memory-file-system.cpp                                                                    183                20    89.07%          21                 0   100.00%         230                34    85.22%          94                20    78.72%
source/core/slang-memory-file-system.h                                                                       21                 2    90.48%           8                 2    75.00%          33                 6    81.82%           0                 0         -
source/core/slang-name-value.cpp                                                                             51                33    35.29%          14                 9    35.71%         116                74    36.21%          38                26    31.58%
source/core/slang-name-value.h                                                                                1                 0   100.00%           1                 0   100.00%           3                 0   100.00%           0                 0         -
source/core/slang-offset-container.cpp                                                                       82                 8    90.24%          14                 3    78.57%         178                30    83.15%          48                 6    87.50%
source/core/slang-offset-container.h                                                                        118                 5    95.76%          34                 1    97.06%         129                13    89.92%          38                 5    86.84%
source/core/slang-performance-profiler.cpp                                                                   33                27    18.18%          12                 8    33.33%         102                78    23.53%          18                16    11.11%
source/core/slang-performance-profiler.h                                                                     12                12     0.00%           3                 3     0.00%           6                 6     0.00%           0                 0         -
source/core/slang-platform.cpp                                                                               56                13    76.79%          14                 4    71.43%         115                11    90.43%          28                 0   100.00%
source/core/slang-platform.h                                                                                  1                 0   100.00%           1                 0   100.00%           3                 0   100.00%           0                 0         -
source/core/slang-process-util.cpp                                                                           42                 5    88.10%           5                 0   100.00%          52                 0   100.00%          22                 3    86.36%
source/core/slang-process-util.h                                                                              1                 1     0.00%           1                 1     0.00%           6                 6     0.00%           0                 0         -
source/core/slang-process.h                                                                                   2                 0   100.00%           2                 0   100.00%           2                 0   100.00%           0                 0         -
source/core/slang-random-generator.cpp                                                                       76                16    78.95%          16                 6    62.50%         161                35    78.26%          46                 7    84.78%
source/core/slang-random-generator.h                                                                          7                 4    42.86%           5                 4    20.00%          11                10     9.09%           0                 0         -
source/core/slang-range.h                                                                                     1                 0   100.00%           1                 0   100.00%           6                 0   100.00%           0                 0         -
source/core/slang-relative-ptr.h                                                                              3                 3     0.00%           3                 3     0.00%          13                13     0.00%           0                 0         -
source/core/slang-riff-file-system.cpp                                                                      150                23    84.67%          10                 1    90.00%         224                41    81.70%          78                17    78.21%
source/core/slang-riff-file-system.h                                                                         11                 1    90.91%           2                 1    50.00%           3                 3     0.00%           0                 0         -
source/core/slang-riff.cpp                                                                                  230                27    88.26%          35                 1    97.14%         345                50    85.51%         102                20    80.39%
source/core/slang-riff.h                                                                                    119                14    88.24%          72                 9    87.50%         173                31    82.08%          22                 5    77.27%
source/core/slang-rtti-info.cpp                                                                              43                10    76.74%          12                 0   100.00%         155                46    70.32%          42                10    76.19%
source/core/slang-rtti-info.h                                                                                66                11    83.33%          35                 5    85.71%         135                24    82.22%          22                 8    63.64%
source/core/slang-rtti-util.cpp                                                                             372               156    58.06%          25                 4    84.00%         810               432    46.67%         336               156    53.57%
source/core/slang-rtti-util.h                                                                                 1                 1     0.00%           1                 1     0.00%          12                12     0.00%           0                 0         -
source/core/slang-secure-crt.h                                                                               11                 6    45.45%          11                 6    45.45%         246               128    47.97%           0                 0         -
source/core/slang-semantic-version.cpp                                                                       96                44    54.17%           9                 3    66.67%         175               107    38.86%          78                48    38.46%
source/core/slang-semantic-version.h                                                                         35                 6    82.86%          18                 6    66.67%          49                17    65.31%          12                 0   100.00%
source/core/slang-shared-library.cpp                                                                         57                17    70.18%          12                 2    83.33%          88                24    72.73%          32                16    50.00%
source/core/slang-shared-library.h                                                                           32                 1    96.88%           9                 1    88.89%          14                 1    92.86%           2                 2     0.00%
source/core/slang-short-list.h                                                                                9                 4    55.56%           9                 4    55.56%          71                34    52.11%           0                 0         -
source/core/slang-signal.cpp                                                                                 43                 9    79.07%           5                 1    80.00%          82                17    79.27%          44                13    70.45%
source/core/slang-smart-pointer.h                                                                            35                 2    94.29%          23                 2    91.30%          66                 6    90.91%           6                 0   100.00%
source/core/slang-stable-hash.h                                                                               9                 4    55.56%           9                 4    55.56%          20                 6    70.00%           0                 0         -
source/core/slang-std-writers.cpp                                                                             7                 1    85.71%           2                 0   100.00%          19                 3    84.21%           2                 1    50.00%
source/core/slang-std-writers.h                                                                               5                 1    80.00%           5                 1    80.00%          16                 3    81.25%           0                 0         -
source/core/slang-stream.cpp                                                                                397               145    63.48%          43                20    53.49%         519               265    48.94%         196               104    46.94%
source/core/slang-stream.h                                                                                   37                10    72.97%          23                 9    60.87%          64                29    54.69%           2                 2     0.00%
source/core/slang-string-escape-util.cpp                                                                    512               154    69.92%          40                12    70.00%         870               322    62.99%         466               195    58.15%
source/core/slang-string-escape-util.h                                                                        5                 1    80.00%           4                 1    75.00%          10                 3    70.00%           0                 0         -
source/core/slang-string-slice-index-map.cpp                                                                 12                 0   100.00%           3                 0   100.00%          30                 0   100.00%           4                 0   100.00%
source/core/slang-string-slice-index-map.h                                                                   11                 2    81.82%           7                 2    71.43%          19                 4    78.95%           2                 0   100.00%
source/core/slang-string-slice-pool.cpp                                                                      74                17    77.03%          13                 2    84.62%         162                41    74.69%          46                17    63.04%
source/core/slang-string-slice-pool.h                                                                        15                 1    93.33%          12                 1    91.67%          20                 1    95.00%           2                 0   100.00%
source/core/slang-string-util.cpp                                                                           467                61    86.94%          44                 2    95.45%         782               120    84.65%         328                85    74.09%
source/core/slang-string-util.h                                                                              13                 2    84.62%          10                 2    80.00%          28                 6    78.57%           0                 0         -
source/core/slang-string.cpp                                                                                259                39    84.94%          62                13    79.03%         522               115    77.97%         138                20    85.51%
source/core/slang-string.h                                                                                  192                44    77.08%         136                40    70.59%         419               136    67.54%          36                10    72.22%
source/core/slang-text-io.cpp                                                                                79                20    74.68%           9                 2    77.78%         113                22    80.53%          42                 6    85.71%
source/core/slang-text-io.h                                                                                  43                16    62.79%          26                13    50.00%          92                47    48.91%          22                 5    77.27%
source/core/slang-token-reader.cpp                                                                          346               104    69.94%          11                 3    72.73%         683               302    55.78%         334               121    63.77%
source/core/slang-token-reader.h                                                                             74                11    85.14%          24                 4    83.33%         158                25    84.18%          34                 7    79.41%
source/core/slang-type-convert-util.cpp                                                                      18                 7    61.11%           2                 0   100.00%          42                14    66.67%          30                 7    76.67%
source/core/slang-type-text-util.cpp                                                                        187                76    59.36%          27                 3    88.89%         146                24    83.56%          70                20    71.43%
source/core/slang-uint-set.cpp                                                                               79                25    68.35%          19                 5    73.68%         148                41    72.30%          46                17    63.04%
source/core/slang-uint-set.h                                                                                 25                 8    68.00%          25                 8    68.00%         130                62    52.31%           0                 0         -
source/core/slang-virtual-object-pool.h                                                                       2                 2     0.00%           2                 2     0.00%          68                68     0.00%           0                 0         -
source/core/slang-writer.cpp                                                                                 72                15    79.17%          17                 3    82.35%         129                26    79.84%          34                17    50.00%
source/core/slang-writer.h                                                                                   41                 7    82.93%          18                 6    66.67%          46                17    63.04%           6                 1    83.33%
source/core/slang-zip-file-system.cpp                                                                       424                91    78.54%          36                 7    80.56%         570               187    67.19%         226                76    66.37%
source/core/unix/slang-unix-process.cpp                                                                     258                47    81.78%          27                 7    74.07%         386               111    71.24%         122                53    56.56%
source/slang-core-module/slang-embedded-core-module-source.cpp                                            55908             44996    19.52%           6                 5    16.67%         129               117     9.30%         496               467     5.85%
source/slang-core-module/slang-embedded-core-module.cpp                                                       1                 0   100.00%           1                 0   100.00%           3                 0   100.00%           0                 0         -
source/slang-glslang/slang-glslang.h                                                                         15                15     0.00%           3                 3     0.00%           9                 9     0.00%           0                 0         -
source/slang-record-replay/proxy/proxy-base.cpp                                                              68                18    73.53%           3                 0   100.00%          53                 7    86.79%          38                14    63.16%
source/slang-record-replay/proxy/proxy-base.h                                                                23                 6    73.91%           8                 1    87.50%          31                11    64.52%           6                 5    16.67%
source/slang-record-replay/proxy/proxy-compile-request.h                                                    655               485    25.95%          84                83     1.19%         448               388    13.39%         134               134     0.00%
source/slang-record-replay/proxy/proxy-compile-result.h                                                      55                41    25.45%           6                 6     0.00%          43                39     9.30%          20                20     0.00%
source/slang-record-replay/proxy/proxy-component-type.h                                                     526               240    54.37%          39                27    30.77%         379               244    35.62%         136                94    30.88%
source/slang-record-replay/proxy/proxy-global-session.h                                                     311               156    49.84%          32                22    31.25%         270               147    45.56%          72                48    33.33%
source/slang-record-replay/proxy/proxy-macros.h                                                              36                 6    83.33%          16                 5    68.75%          79                25    68.35%           8                 1    87.50%
source/slang-record-replay/proxy/proxy-metadata.h                                                            49                35    28.57%           5                 5     0.00%          40                37     7.50%          18                18     0.00%
source/slang-record-replay/proxy/proxy-mutable-file-system.h                                                273                32    88.28%          18                 2    88.89%         272                45    83.46%          80                25    68.75%
source/slang-record-replay/proxy/proxy-session.h                                                            261               129    50.57%          24                16    33.33%         207               124    40.10%          58                41    29.31%
source/slang-record-replay/proxy/proxy-shared-library.h                                                      36                27    25.00%           5                 4    20.00%          35                34     2.86%          14                14     0.00%
source/slang-record-replay/replay-context-record.cpp                                                        239                34    85.77%          69                19    72.46%         587                99    83.13%         152                33    78.29%
source/slang-record-replay/replay-context.cpp                                                               342                99    71.05%          53                 7    86.79%         570               133    76.67%         202                84    58.42%
source/slang-record-replay/replay-context.h                                                                 153                29    81.05%          32                 6    81.25%         239                41    82.85%          90                28    68.89%
source/slang-record-replay/replay-handlers.cpp                                                              896                 6    99.33%           5                 1    80.00%         223                10    95.52%           8                 5    37.50%
source/slang-record-replay/replay-shared.h                                                                   16                 1    93.75%           6                 0   100.00%          29                 1    96.55%           8                 3    62.50%
source/slang-record-replay/replay-stream-decoder.cpp                                                        264               208    21.21%          25                13    48.00%         666               540    18.92%         238               170    28.57%
source/slang-record-replay/replay-stream.cpp                                                                 89                12    86.52%          13                 3    76.92%         128                28    78.12%          46                 6    86.96%
source/slang-record-replay/replay-stream.h                                                                   13                 6    53.85%          13                 6    53.85%          30                23    23.33%           0                 0         -
source/slang/slang-api.cpp                                                                                  608               143    76.48%         112                72    35.71%         842               406    51.78%         230                57    75.22%
source/slang/slang-artifact-output-util.cpp                                                                 107                14    86.92%          11                 1    90.91%         159                38    76.10%          54                11    79.63%
source/slang/slang-ast-base.cpp                                                                              13                 1    92.31%           3                 1    66.67%          15                 4    73.33%           4                 0   100.00%
source/slang/slang-ast-base.h                                                                                78                19    75.64%          71                19    73.24%         235                97    58.72%           4                 1    75.00%
source/slang/slang-ast-boilerplate.cpp                                                                        7                 0   100.00%           3                 0   100.00%           6                 0   100.00%           4                 2    50.00%
source/slang/slang-ast-builder.cpp                                                                          625               100    84.00%         129                12    90.70%        1118               189    83.09%         370               101    72.70%
source/slang/slang-ast-builder.h                                                                             62                15    75.81%          62                15    75.81%         227                76    66.52%           0                 0         -
source/slang/slang-ast-decl-ref.cpp                                                                         444                55    87.61%          42                 5    88.10%         685               104    84.82%         310                63    79.68%
source/slang/slang-ast-decl.cpp                                                                             185                12    93.51%          39                 2    94.87%         281                29    89.68%          88                12    86.36%
source/slang/slang-ast-decl.h                                                                                24                 2    91.67%          24                 2    91.67%          38                 2    94.74%           0                 0         -
source/slang/slang-ast-dump.cpp                                                                             197               193     2.03%          74                74     0.00%         634               633     0.16%         120               120     0.00%
source/slang/slang-ast-expr.h                                                                                 7                 2    71.43%           7                 2    71.43%          10                 2    80.00%           0                 0         -
source/slang/slang-ast-iterator.h                                                                           181               181     0.00%          97                97     0.00%         456               456     0.00%          88                88     0.00%
source/slang/slang-ast-modifier.cpp                                                                          10                10     0.00%           1                 1     0.00%           9                 9     0.00%           8                 8     0.00%
source/slang/slang-ast-modifier.h                                                                             8                 8     0.00%           8                 8     0.00%          32                32     0.00%           0                 0         -
source/slang/slang-ast-natural-layout.cpp                                                                   133                13    90.23%           7                 1    85.71%         191                26    86.39%          90                17    81.11%
source/slang/slang-ast-natural-layout.h                                                                      20                 1    95.00%          12                 0   100.00%          23                 0   100.00%           8                 3    62.50%
source/slang/slang-ast-print.cpp                                                                            903               595    34.11%          24                 5    79.17%        1684              1144    32.07%         742               529    28.71%
source/slang/slang-ast-print.h                                                                               22                10    54.55%          11                 6    45.45%          31                19    38.71%           4                 3    25.00%
source/slang/slang-ast-support-types.cpp                                                                     57                15    73.68%           6                 1    83.33%         104                27    74.04%          48                16    66.67%
source/slang/slang-ast-support-types.h                                                                       96                21    78.12%          93                21    77.42%         203                35    82.76%           0                 0         -
source/slang/slang-ast-synthesis.cpp                                                                         55                 3    94.55%          23                 3    86.96%         171                20    88.30%           8                 4    50.00%
source/slang/slang-ast-synthesis.h                                                                           29                 1    96.55%          11                 0   100.00%          66                 4    93.94%          12                 3    75.00%
source/slang/slang-ast-type.cpp                                                                             821               153    81.36%         155                28    81.94%        1875               357    80.96%         554               128    76.90%
source/slang/slang-ast-type.h                                                                                60                25    58.33%          60                25    58.33%         102                62    39.22%           0                 0         -
source/slang/slang-ast-val.cpp                                                                             1394               379    72.81%         188                62    67.02%        2570               784    69.49%         990               337    65.96%
source/slang/slang-ast-val.h                                                                                173                70    59.54%         173                70    59.54%         427               252    40.98%           0                 0         -
source/slang/slang-base-type-info.cpp                                                                        30                21    30.00%           2                 1    50.00%          53                41    22.64%          38                18    52.63%
source/slang/slang-base-type-info.h                                                                           1                 1     0.00%           1                 1     0.00%           3                 3     0.00%           0                 0         -
source/slang/slang-capability-val.h                                                                          29                15    48.28%          29                15    48.28%          93                63    32.26%           0                 0         -
source/slang/slang-capability.cpp                                                                           852               218    74.41%         106                21    80.19%        1654               503    69.59%         634               190    70.03%
source/slang/slang-capability.h                                                                              20                 1    95.00%          20                 1    95.00%         108                 1    99.07%           0                 0         -
source/slang/slang-check-conformance.cpp                                                                    217                36    83.41%          14                 2    85.71%         349                78    77.65%         156                36    76.92%
source/slang/slang-check-constraint.cpp                                                                    1735               243    85.99%         128                 3    97.66%        2449               334    86.36%        1300               316    75.69%
source/slang/slang-check-conversion.cpp                                                                    1307               162    87.61%          42                 3    92.86%        2202               276    87.47%        1064               218    79.51%
source/slang/slang-check-decl.cpp                                                                          6688               947    85.84%         537                56    89.57%       13970              2184    84.37%        5246              1172    77.66%
source/slang/slang-check-expr.cpp                                                                          3951               491    87.57%         211                11    94.79%        7208              1014    85.93%        2990               644    78.46%
source/slang/slang-check-impl.h                                                                             289                13    95.50%         159                11    93.08%         540                32    94.07%          80                 5    93.75%
source/slang/slang-check-inheritance.cpp                                                                    564                36    93.62%          41                 1    97.56%        1402                56    96.01%         444                62    86.04%
source/slang/slang-check-modifier.cpp                                                                      1407               169    87.99%          26                 3    88.46%        2114               409    80.65%        1256               267    78.74%
source/slang/slang-check-out-of-bound-access.cpp                                                             29                 0   100.00%           4                 0   100.00%          62                 0   100.00%          26                 0   100.00%
source/slang/slang-check-overload.cpp                                                                      1364               115    91.57%          61                 3    95.08%        2851               259    90.92%        1068               167    84.36%
source/slang/slang-check-resolve-val.cpp                                                                     16                 2    87.50%           6                 0   100.00%          27                 2    92.59%           4                 0   100.00%
source/slang/slang-check-shader.cpp                                                                        1249               114    90.87%          76                 1    98.68%        2497               272    89.11%        1034               158    84.72%
source/slang/slang-check-stmt.cpp                                                                           433                32    92.61%          39                 2    94.87%         798                67    91.60%         344                52    84.88%
source/slang/slang-check-type.cpp                                                                           227                50    77.97%          27                 4    85.19%         432               113    73.84%         158                49    68.99%
source/slang/slang-check.cpp                                                                                 51                23    54.90%          10                 4    60.00%         140                51    63.57%          26                12    53.85%
source/slang/slang-code-gen.cpp                                                                             539                86    84.04%          41                 3    92.68%        1030               172    83.30%         514               107    79.18%
source/slang/slang-code-gen.h                                                                                21                 1    95.24%          21                 1    95.24%          27                 1    96.30%           0                 0         -
source/slang/slang-compile-request.cpp                                                                      203                14    93.10%          26                 0   100.00%         446                40    91.03%         132                18    86.36%
source/slang/slang-compile-request.h                                                                         22                 4    81.82%          22                 4    81.82%         115                15    86.96%           0                 0         -
source/slang/slang-compiler-api.h                                                                            17                 4    76.47%          17                 4    76.47%          59                12    79.66%           0                 0         -
source/slang/slang-compiler-options.cpp                                                                     190                31    83.68%          18                 1    94.44%         399                72    81.95%         236                53    77.54%
source/slang/slang-compiler-options.h                                                                        52                 4    92.31%          52                 4    92.31%         260                43    83.46%           0                 0         -
source/slang/slang-compiler-tu.cpp                                                                           99                26    73.74%           9                 7    22.22%         183                71    61.20%          56                20    64.29%
source/slang/slang-compiler.cpp                                                                              24                 7    70.83%           2                 0   100.00%          36                 7    80.56%          44                11    75.00%
source/slang/slang-container-pool.h                                                                           8                 1    87.50%           8                 1    87.50%          72                24    66.67%           0                 0         -
source/slang/slang-content-assist-info.h                                                                      1                 1     0.00%           1                 1     0.00%           9                 9     0.00%           0                 0         -
source/slang/slang-core-module-textures.cpp                                                                 178               167     6.18%          13                13     0.00%         648               645     0.46%         146               146     0.00%
[...]
source/slang/slang-language-server-ast-lookup.cpp                                                           524               219    58.21%          99                51    48.48%         764               339    55.63%         348               156    55.17%
source/slang/slang-language-server-ast-lookup.h                                                              10                 0   100.00%           2                 0   100.00%           6                 0   100.00%          12                 1    91.67%
source/slang/slang-language-server-auto-format.cpp                                                          190               188     1.05%           8                 8     0.00%         349               349     0.00%         152               150     1.32%
source/slang/slang-language-server-completion.cpp                                                           586               278    52.56%          22                 8    63.64%        1160               617    46.81%         468               277    40.81%
source/slang/slang-language-server-completion.h                                                               5                 2    60.00%           3                 1    66.67%           7                 3    57.14%           0                 0         -
source/slang/slang-language-server-document-symbols.cpp                                                     139               139     0.00%           6                 6     0.00%         207               207     0.00%         100               100     0.00%
source/slang/slang-language-server-inlay-hints.cpp                                                           75                75     0.00%           2                 2     0.00%         217               217     0.00%          56                56     0.00%
source/slang/slang-language-server-semantic-tokens.cpp                                                      198               198     0.00%           7                 7     0.00%         638               638     0.00%         162               162     0.00%
source/slang/slang-language-server-semantic-tokens.h                                                          7                 7     0.00%           1                 1     0.00%           7                 7     0.00%           4                 4     0.00%
source/slang/slang-language-server.cpp                                                                     1480               759    48.72%          91                43    52.75%        3189              1745    45.28%        1048               654    37.60%
source/slang/slang-language-server.h                                                                         27                 1    96.30%           9                 1    88.89%          30                 1    96.67%          16                 2    87.50%
source/slang/slang-legalize-types.cpp                                                                       413                81    80.39%          44                17    61.36%         895               244    72.74%         306                62    79.74%
source/slang/slang-legalize-types.h                                                                          42                 5    88.10%          17                 4    76.47%          70                10    85.71%           6                 1    83.33%
source/slang/slang-linkable-impls.cpp                                                                       172                20    88.37%          63                 9    85.71%         425                46    89.18%          74                10    86.49%
source/slang/slang-linkable-impls.h                                                                          65                46    29.23%          65                46    29.23%         182               157    13.74%           0                 0         -
source/slang/slang-linkable.cpp                                                                             468                80    82.91%          58                11    81.03%         757               159    79.00%         250                74    70.40%
source/slang/slang-linkable.h                                                                                 6                 6     0.00%           6                 6     0.00%          13                13     0.00%           0                 0         -
source/slang/slang-lookup.cpp                                                                               320                14    95.62%          20                 0   100.00%         634                21    96.69%         240                20    91.67%
source/slang/slang-lower-to-ir.cpp                                                                         4142               483    88.34%         497                63    87.32%       10099              1300    87.13%        2808               442    84.26%
source/slang/slang-mangle.cpp                                                                               433                18    95.84%          23                 1    95.65%         825                60    92.73%         334                19    94.31%
source/slang/slang-markdown.cpp                                                                              32                 3    90.62%           4                 0   100.00%          49                 2    95.92%          20                 5    75.00%
source/slang/slang-module-library.cpp                                                                        56                 7    87.50%           5                 0   100.00%          80                17    78.75%          32                12    62.50%
source/slang/slang-module-library.h                                                                           8                 2    75.00%           3                 2    33.33%           6                 5    16.67%           0                 0         -
source/slang/slang-module.cpp                                                                               149                18    87.92%          29                 4    86.21%         287                34    88.15%          96                12    87.50%
source/slang/slang-module.h                                                                                  46                17    63.04%          46                17    63.04%         161                86    46.58%           0                 0         -
source/slang/slang-options.cpp                                                                             1549               236    84.76%          50                 9    82.00%        3554               684    80.75%        1188               203    82.91%
source/slang/slang-parameter-binding.cpp                                                                   1170                87    92.56%         114                 5    95.61%        2840               189    93.35%         898               116    87.08%
source/slang/slang-parser.cpp                                                                              3373               375    88.88%         378                25    93.39%        7512               848    88.71%        2778               570    79.48%
source/slang/slang-pass-through.cpp                                                                         109                34    68.81%           7                 2    71.43%         214                83    61.21%         132                43    67.42%
source/slang/slang-pass-wrapper.cpp                                                                          22                 2    90.91%           5                 0   100.00%          44                 4    90.91%          14                 2    85.71%
source/slang/slang-pass-wrapper.h                                                                             8                 1    87.50%           3                 0   100.00%          18                 3    83.33%           2                 1    50.00%
source/slang/slang-preprocessor.cpp                                                                        1082               139    87.15%         169                10    94.08%        2558               298    88.35%         780               145    81.41%
source/slang/slang-profile-defs.h                                                                             0                 0         -           0                 0         -           0                 0         -           0                 0         -
source/slang/slang-profile.cpp                                                                             2921              1072    63.30%          15                 2    86.67%         257                70    72.76%        1076               330    69.33%
source/slang/slang-profile.h                                                                                 11                 1    90.91%          11                 1    90.91%          15                 1    93.33%           0                 0         -
source/slang/slang-reflection-api.cpp                                                                      2224               741    66.68%         227                36    84.14%        3185               828    74.00%        1292               545    57.82%
source/slang/slang-reflection-json.cpp                                                                      508                99    80.51%          34                 1    97.06%        1052               235    77.66%         412                81    80.34%
source/slang/slang-repro-validator.cpp                                                                      282                18    93.62%          28                 0   100.00%         390                52    86.67%         210                27    87.14%
source/slang/slang-repro.cpp                                                                                551               195    64.61%          39                 7    82.05%        1257               568    54.81%         378               200    47.09%
source/slang/slang-rich-diagnostics.cpp                                                                      42                 6    85.71%          13                 0   100.00%          72                 6    91.67%          26                 8    69.23%
source/slang/slang-serialize-ast.cpp                                                                        250                20    92.00%          56                 2    96.43%         548                48    91.24%         126                22    82.54%
source/slang/slang-serialize-container.cpp                                                                  324                32    90.12%          36                 2    94.44%         462                75    83.77%         136                37    72.79%
source/slang/slang-serialize-fossil.cpp                                                                     405                41    89.88%          89                 9    89.89%         967                78    91.93%         318                38    88.05%
source/slang/slang-serialize-fossil.h                                                                        68                11    83.82%          45                 9    80.00%         147                34    76.87%           6                 3    50.00%
source/slang/slang-serialize-ir-types.cpp                                                                    17                17     0.00%           5                 5     0.00%          30                30     0.00%          14                14     0.00%
source/slang/slang-serialize-ir-types.h                                                                      10                10     0.00%          10                10     0.00%          67                67     0.00%           0                 0         -
source/slang/slang-serialize-ir.cpp                                                                         339                11    96.76%          21                 1    95.24%         576               158    72.57%         146                11    92.47%
source/slang/slang-serialize-ir.h                                                                            35                 0   100.00%           2                 0   100.00%          86                 0   100.00%          26                 0   100.00%
source/slang/slang-serialize-source-loc.cpp                                                                 145                20    86.21%          11                 3    72.73%         313                32    89.78%          90                22    75.56%
source/slang/slang-serialize-source-loc.h                                                                    22                13    40.91%          22                13    40.91%          65                39    40.00%           0                 0         -
source/slang/slang-serialize-types.cpp                                                                       46                 3    93.48%          10                 1    90.00%          94                13    86.17%          18                 2    88.89%
source/slang/slang-serialize-types.h                                                                          2                 2     0.00%           2                 2     0.00%           3                 3     0.00%           0                 0         -
source/slang/slang-session.cpp                                                                              693               102    85.28%          67                 7    89.55%        1476               255    82.72%         398               101    74.62%
source/slang/slang-session.h                                                                                 13                 2    84.62%          13                 2    84.62%          24                 8    66.67%           0                 0         -
source/slang/slang-syntax.cpp                                                                               627               196    68.74%          74                16    78.38%        1120               400    64.29%         514               191    62.84%
source/slang/slang-syntax.h                                                                                  39                 3    92.31%          39                 3    92.31%         186                19    89.78%           0                 0         -
source/slang/slang-target-program.cpp                                                                        46                10    78.26%           5                 0   100.00%          86                18    79.07%          26                 9    65.38%
source/slang/slang-target-program.h                                                                           9                 9     0.00%           9                 9     0.00%          23                23     0.00%           0                 0         -
source/slang/slang-target.cpp                                                                                88                 8    90.91%           9                 1    88.89%         174                 8    95.40%         104                12    88.46%
source/slang/slang-target.h                                                                                   6                 6     0.00%           6                 6     0.00%          15                15     0.00%           0                 0         -
source/slang/slang-translation-unit.cpp                                                                      81                11    86.42%          13                 2    84.62%         151                30    80.13%          54                14    74.07%
source/slang/slang-translation-unit.h                                                                         8                 1    87.50%           8                 1    87.50%          16                 1    93.75%           0                 0         -
source/slang/slang-type-layout.cpp                                                                         1668               293    82.43%         290                64    77.93%        3464               665    80.80%        1400               327    76.64%
source/slang/slang-type-layout.h                                                                            339                44    87.02%         102                18    82.35%         561               135    75.94%         148                39    73.65%
source/slang/slang-visitor.h                                                                                 77                53    31.17%          58                38    34.48%         245               178    27.35%          30                25    16.67%
source/slang/slang-vm-bytecode.cpp                                                                          253                53    79.05%          12                 0   100.00%         473               150    68.29%         258                62    75.97%
source/slang/slang-vm-bytecode.h                                                                             22                 2    90.91%          11                 0   100.00%          39                 6    84.62%           4                 2    50.00%
source/slang/slang-vm-inst-impl.cpp                                                                         378               143    62.17%          55                 8    85.45%         943               308    67.34%         512               188    63.28%
source/slang/slang-vm.cpp                                                                                   706                86    87.82%          42                 2    95.24%         969               136    85.96%         568               144    74.65%
source/slang/slang-vm.h                                                                                      11                 1    90.91%          10                 1    90.00%          51                 3    94.12%           0                 0         -
source/slang/slang-workspace-version.cpp                                                                    304                69    77.30%          41                 6    85.37%         722               177    75.48%         234                85    63.68%
source/slang/slang-workspace-version.h                                                                       46                12    73.91%          11                 3    72.73%          56                12    78.57%          26                13    50.00%
source/slang/slang.cpp                                                                                       69                 5    92.75%           5                 0   100.00%         137                 4    97.08%          84                10    88.10%
tools/platform/performance-counter.h                                                                          4                 1    75.00%           4                 1    75.00%           8                 1    87.50%           0                 0         -
-------------------------------------------------------------------------------------------------------------------------------------------------------------------------------------------------------------------------------------------------------------------
TOTAL                                                                                                         0                 0         -       23802              5898    75.22%      383683             82194    78.58%      113180             31959    71.76%
