Filename                                                                                                Regions    Missed Regions     Cover   Functions  Missed Functions  Executed       Lines      Missed Lines     Cover    Branches   Missed Branches     Cover
-------------------------------------------------------------------------------------------------------------------------------------------------------------------------------------------------------------------------------------------------------------------
build/source/slang/slang-version-header/slang-tag-version.h                                                   0                 0         -           0                 0         -           0                 0         -           0                 0         -
build/source/standard-modules/slang-standard-module-config-header/slang-standard-module-config.h              0                 0         -           0                 0         -           0                 0         -           0                 0         -
source/compiler-core/slang-artifact-associated-impl.cpp                                                     379                25    93.40%          44                 4    90.91%         403                53    86.85%         181                31    82.87%
source/compiler-core/slang-artifact-associated-impl.h                                                        70                 3    95.71%          17                 3    82.35%          79                17    78.48%          50                 2    96.00%
source/compiler-core/slang-artifact-associated.h                                                              1                 1     0.00%           1                 1     0.00%           1                 1     0.00%           0                 0         -
source/compiler-core/slang-artifact-container-util.cpp                                                      379                76    79.95%          38                 5    86.84%         485                89    81.65%         198                38    80.81%
source/compiler-core/slang-artifact-desc-util.cpp                                                           514               129    74.90%          33                 4    87.88%         681               232    65.93%         396               133    66.41%
source/compiler-core/slang-artifact-desc-util.h                                                               5                 0   100.00%           1                 0   100.00%           4                 0   100.00%           6                 2    66.67%
source/compiler-core/slang-artifact-diagnostic-util.cpp                                                      47                 9    80.85%           5                 1    80.00%          90                18    80.00%          32                13    59.38%
source/compiler-core/slang-artifact-handler-impl.cpp                                                        191                38    80.10%          11                 4    63.64%         229                57    75.11%         102                28    72.55%
source/compiler-core/slang-artifact-handler-impl.h                                                            3                 2    33.33%           3                 2    33.33%           3                 2    33.33%           0                 0         -
source/compiler-core/slang-artifact-helper.cpp                                                               65                39    40.00%          22                19    13.64%         108                74    31.48%          20                13    35.00%
source/compiler-core/slang-artifact-helper.h                                                                  4                 2    50.00%           4                 2    50.00%           3                 2    33.33%           0                 0         -
source/compiler-core/slang-artifact-impl.cpp                                                                164                37    77.44%          30                 7    76.67%         269                82    69.52%          98                39    60.20%
source/compiler-core/slang-artifact-impl.h                                                                   21                 0   100.00%           9                 0   100.00%          22                 0   100.00%           0                 0         -
source/compiler-core/slang-artifact-representation-impl.cpp                                                 151                37    75.50%          22                 4    81.82%         181                53    70.72%          98                36    63.27%
source/compiler-core/slang-artifact-representation-impl.h                                                    74                 8    89.19%          25                 8    68.00%          54                19    64.81%           2                 0   100.00%
source/compiler-core/slang-artifact-util.cpp                                                                116                73    37.07%          25                15    40.00%         219               147    32.88%          76                58    23.68%
source/compiler-core/slang-artifact.h                                                                        49                 8    83.67%          26                 7    73.08%          76                24    68.42%          14                 7    50.00%
source/compiler-core/slang-command-line-args.cpp                                                            127                11    91.34%          13                 0   100.00%         236                32    86.44%          66                13    80.30%
source/compiler-core/slang-command-line-args.h                                                               34                 3    91.18%          22                 2    90.91%          49                 5    89.80%           6                 1    83.33%
source/compiler-core/slang-core-diagnostics.cpp                                                               4                 0   100.00%           2                 0   100.00%          10                 0   100.00%           0                 0         -
source/compiler-core/slang-diagnostic-sink.cpp                                                              309                63    79.61%          46                 9    80.43%         621               144    76.81%         216                65    69.91%
source/compiler-core/slang-diagnostic-sink.h                                                                 66                 8    87.88%          34                 6    82.35%         122                22    81.97%          36                 3    91.67%
source/compiler-core/slang-downstream-compiler-set.cpp                                                       36                12    66.67%          10                 4    60.00%          72                23    68.06%          20                 9    55.00%
source/compiler-core/slang-downstream-compiler-set.h                                                          2                 0   100.00%           2                 0   100.00%           4                 0   100.00%           0                 0         -
source/compiler-core/slang-downstream-compiler-util.cpp                                                     119                31    73.95%          19                 2    89.47%         306                83    72.88%          86                27    68.60%
source/compiler-core/slang-downstream-compiler-util.h                                                         7                 1    85.71%           4                 1    75.00%          11                 2    81.82%           0                 0         -
source/compiler-core/slang-downstream-compiler.cpp                                                           91                12    86.81%           6                 1    83.33%         172                51    70.35%          52                13    75.00%
source/compiler-core/slang-downstream-compiler.h                                                             83                32    61.45%          28                13    53.57%          97                47    51.55%           8                 2    75.00%
source/compiler-core/slang-dxc-compiler.cpp                                                                 334                96    71.26%          25                 4    84.00%         564               135    76.06%         208                97    53.37%
source/compiler-core/slang-fxc-compiler.cpp                                                                   7                 0   100.00%           1                 0   100.00%           6                 0   100.00%           0                 0         -
source/compiler-core/slang-gcc-compiler-util.cpp                                                            514               113    78.02%          24                 0   100.00%         732               234    68.03%         299               110    63.21%
source/compiler-core/slang-gcc-compiler-util.h                                                                5                 0   100.00%           4                 0   100.00%          12                 0   100.00%           0                 0         -
source/compiler-core/slang-glslang-compiler.cpp                                                             254                62    75.59%          22                 1    95.45%         394               105    73.35%         120                53    55.83%
source/compiler-core/slang-include-system.cpp                                                               111                17    84.68%           6                 1    83.33%         135                32    76.30%          48                 7    85.42%
source/compiler-core/slang-include-system.h                                                                   8                 3    62.50%           7                 3    57.14%          12                 3    75.00%           0                 0         -
source/compiler-core/slang-json-diagnostics.cpp                                                               3                 2    33.33%           2                 2     0.00%           9                 8    11.11%           0                 0         -
source/compiler-core/slang-json-lexer.cpp                                                                   208                63    69.71%          16                 6    62.50%         422               186    55.92%         227                72    68.28%
source/compiler-core/slang-json-lexer.h                                                                       8                 1    87.50%           6                 1    83.33%          15                 3    80.00%           0                 0         -
source/compiler-core/slang-json-native.cpp                                                                  299                56    81.27%          11                 3    72.73%         452               136    69.91%         166                37    77.71%
source/compiler-core/slang-json-native.h                                                                     10                 0   100.00%           4                 0   100.00%          12                 0   100.00%           0                 0         -
source/compiler-core/slang-json-parser.cpp                                                                  187                14    92.51%          26                 0   100.00%         367                34    90.74%         116                 8    93.10%
source/compiler-core/slang-json-parser.h                                                                     23                 6    73.91%          15                 6    60.00%          43                24    44.19%          12                 3    75.00%
source/compiler-core/slang-json-source-map-util.cpp                                                         164                18    89.02%          11                 0   100.00%         305                16    94.75%          90                 8    91.11%
source/compiler-core/slang-json-value.cpp                                                                   591               239    59.56%          81                27    66.67%        1250               578    53.76%         462               221    52.16%
source/compiler-core/slang-json-value.h                                                                      52                11    78.85%          36                 9    75.00%         117                15    87.18%          14                 7    50.00%
source/compiler-core/slang-lexer.cpp                                                                       1066                41    96.15%          58                 1    98.28%        1955                62    96.83%        1211                89    92.65%
source/compiler-core/slang-lexer.h                                                                           19                 5    73.68%          16                 5    68.75%          35                 7    80.00%           2                 0   100.00%
source/compiler-core/slang-llvm-compiler.cpp                                                                 23                 4    82.61%           1                 0   100.00%          26                 7    73.08%           8                 2    75.00%
source/compiler-core/slang-metal-compiler.cpp                                                                31                 7    77.42%           7                 2    71.43%          59                 5    91.53%          14                 4    71.43%
source/compiler-core/slang-name-convention-util.cpp                                                         106                15    85.85%           8                 0   100.00%         233                37    84.12%         102                19    81.37%
source/compiler-core/slang-name-convention-util.h                                                             3                 0   100.00%           3                 0   100.00%           9                 0   100.00%           0                 0         -
source/compiler-core/slang-name.cpp                                                                          21                 3    85.71%           6                 0   100.00%          29                 1    96.55%          10                 3    70.00%
source/compiler-core/slang-nvrtc-compiler.cpp                                                               666               434    34.83%          40                37     7.50%         920               875     4.89%         356               307    13.76%
source/compiler-core/slang-pretty-writer.cpp                                                                 29                 1    96.55%           6                 1    83.33%          53                 3    94.34%          18                 1    94.44%
source/compiler-core/slang-pretty-writer.h                                                                   19                 3    84.21%          17                 3    82.35%          46                 3    93.48%           0                 0         -
source/compiler-core/slang-rich-diagnostics-render.cpp                                                      347                33    90.49%          28                 0   100.00%         639                44    93.11%         324                80    75.31%
source/compiler-core/slang-slice-allocator.cpp                                                               34                23    32.35%           8                 4    50.00%          85                57    32.94%          18                12    33.33%
source/compiler-core/slang-slice-allocator.h                                                                 16                 0   100.00%          12                 0   100.00%          34                 0   100.00%           2                 0   100.00%
source/compiler-core/slang-source-embed-util.cpp                                                            123                16    86.99%           9                 0   100.00%         246                39    84.15%         100                16    84.00%
source/compiler-core/slang-source-loc.cpp                                                                   341                59    82.70%          59                 5    91.53%         731               145    80.16%         233                76    67.38%
source/compiler-core/slang-source-loc.h                                                                      99                 8    91.92%          66                 7    89.39%         133                10    92.48%          24                 5    79.17%
source/compiler-core/slang-source-map.cpp                                                                   102                60    41.18%          11                 5    54.55%         166                95    42.77%          74                54    27.03%
source/compiler-core/slang-source-map.h                                                                      34                 0   100.00%           8                 0   100.00%          31                 0   100.00%          26                 5    80.77%
source/compiler-core/slang-spirv-core-grammar.cpp                                                            94                63    32.98%          10                 4    60.00%         188               188     0.00%          70                56    20.00%
source/compiler-core/slang-spirv-core-grammar.h                                                               8                 2    75.00%           2                 0   100.00%           8                 2    75.00%           4                 2    50.00%
source/compiler-core/slang-tint-compiler.cpp                                                                 60                33    45.00%           9                 8    11.11%          81                73     9.88%          22                16    27.27%
source/compiler-core/slang-token-defs.h                                                                       0                 0         -           0                 0         -           0                 0         -           0                 0         -
source/compiler-core/slang-token.cpp                                                                        395               265    32.91%           1                 0   100.00%          12                 7    41.67%         136                46    66.18%
source/compiler-core/slang-token.h                                                                           19                 2    89.47%          11                 2    81.82%          39                 9    76.92%           2                 0   100.00%
source/compiler-core/slang-visual-studio-compiler-util.cpp                                                  172               136    20.93%           7                 6    14.29%         370               359     2.97%         132               121     8.33%
source/compiler-core/slang-visual-studio-compiler-util.h                                                      4                 4     0.00%           4                 4     0.00%          11                11     0.00%           0                 0         -
source/core/slang-allocator.h                                                                                15                 0   100.00%           5                 0   100.00%          34                 0   100.00%           6                 0   100.00%
source/core/slang-archive-file-system.cpp                                                                    36                 8    77.78%           2                 0   100.00%          48                23    52.08%          20                 7    65.00%
source/core/slang-archive-file-system.h                                                                       3                 0   100.00%           1                 0   100.00%           4                 0   100.00%           4                 1    75.00%
source/core/slang-array-view.h                                                                                7                 7     0.00%           7                 7     0.00%          10                10     0.00%           0                 0         -
source/core/slang-blob-builder.cpp                                                                          116                 7    93.97%          28                 0   100.00%         286                26    90.91%          52                 9    82.69%
source/core/slang-blob-builder.h                                                                             12                 1    91.67%          10                 1    90.00%          22                 3    86.36%           0                 0         -
source/core/slang-blob.cpp                                                                                  114                40    64.91%          23                 6    73.91%         188                71    62.23%          68                33    51.47%
source/core/slang-blob.h                                                                                     97                11    88.66%          43                 8    81.40%         176                26    85.23%          28                 7    75.00%
source/core/slang-builtin-module-cache.cpp                                                                   38                 3    92.11%           2                 0   100.00%          23                 0   100.00%          14                 0   100.00%
source/core/slang-byte-encode-util.h                                                                         10                 0   100.00%           1                 0   100.00%           4                 0   100.00%           6                 0   100.00%
source/core/slang-castable.cpp                                                                               36                26    27.78%           4                 3    25.00%          47                37    21.28%          22                18    18.18%
source/core/slang-castable.h                                                                                 53                 4    92.45%          13                 2    84.62%          44                 8    81.82%          16                 3    81.25%
source/core/slang-char-encode.cpp                                                                            97                22    77.32%          16                 3    81.25%         169                43    74.56%          58                16    72.41%
source/core/slang-char-encode.h                                                                              75                12    84.00%          12                 3    75.00%         155                28    81.94%          48                10    79.17%
source/core/slang-char-util.cpp                                                                              14                 0   100.00%           2                 0   100.00%          41                 0   100.00%           8                 0   100.00%
source/core/slang-char-util.h                                                                                63                 1    98.41%          17                 1    94.12%          48                 1    97.92%          46                 3    93.48%
source/core/slang-com-object.h                                                                               20                 4    80.00%          10                 4    60.00%          35                 6    82.86%           4                 0   100.00%
source/core/slang-command-line.cpp                                                                           34                 8    76.47%           9                 2    77.78%          89                26    70.79%          22                 9    59.09%
source/core/slang-command-line.h                                                                             16                 6    62.50%          14                 6    57.14%          33                17    48.48%           0                 0         -
source/core/slang-command-options-writer.cpp                                                                233                23    90.13%          31                 1    96.77%         557                71    87.25%         204                49    75.98%
source/core/slang-command-options-writer.h                                                                    1                 0   100.00%           1                 0   100.00%           1                 0   100.00%           0                 0         -
source/core/slang-command-options.cpp                                                                       264                49    81.44%          44                 7    84.09%         532               119    77.63%         164                50    69.51%
source/core/slang-command-options.h                                                                          25                 5    80.00%          16                 5    68.75%          40                 7    82.50%          12                 3    75.00%
source/core/slang-common.h                                                                                    3                 1    66.67%           3                 1    66.67%          10                 2    80.00%           0                 0         -
source/core/slang-compression-system.h                                                                        1                 1     0.00%           1                 1     0.00%           0                 0         -           0                 0         -
source/core/slang-crypto.cpp                                                                                211                 0   100.00%          11                 0   100.00%         241                 0   100.00%          46                 0   100.00%
source/core/slang-crypto.h                                                                                    5                 0   100.00%           5                 0   100.00%           7                 0   100.00%           0                 0         -
source/core/slang-deflate-compression-system.cpp                                                             40                 9    77.50%           8                 1    87.50%          45                11    75.56%          12                 6    50.00%
source/core/slang-dictionary.h                                                                               60                 4    93.33%          60                 4    93.33%         268                31    88.43%           0                 0         -
source/core/slang-exception.h                                                                                 9                 5    44.44%           9                 5    44.44%          13                 6    53.85%           0                 0         -
source/core/slang-file-system.cpp                                                                           590               144    75.59%          63                 6    90.48%         781               237    69.65%         318               107    66.35%
source/core/slang-file-system.h                                                                              72                21    70.83%          37                19    48.65%         107                66    38.32%           6                 2    66.67%
source/core/slang-free-list.cpp                                                                              58                35    39.66%          12                 5    58.33%         144                70    51.39%          32                24    25.00%
source/core/slang-free-list.h                                                                                15                 3    80.00%           7                 3    57.14%          35                 5    85.71%           4                 0   100.00%
source/core/slang-func-ptr.h                                                                                 18                 9    50.00%          13                 6    53.85%          35                20    42.86%           2                 2     0.00%
source/core/slang-hash.h                                                                                     14                 2    85.71%          12                 2    83.33%          59                22    62.71%           0                 0         -
source/core/slang-hex-dump-util.cpp                                                                         151                22    85.43%          10                 3    70.00%         163                25    84.66%          84                12    85.71%
source/core/slang-http.cpp                                                                                  197                49    75.13%          16                 2    87.50%         273                70    74.36%         113                32    71.68%
source/core/slang-http.h                                                                                     20                 3    85.00%          10                 3    70.00%          35                11    68.57%           8                 2    75.00%
source/core/slang-implicit-directory-collector.cpp                                                           38                 1    97.37%           5                 0   100.00%          60                 3    95.00%          24                 4    83.33%
source/core/slang-implicit-directory-collector.h                                                             17                 1    94.12%           7                 1    85.71%          15                 1    93.33%           8                 0   100.00%
source/core/slang-internally-linked-list.h                                                                   38                 3    92.11%          13                 1    92.31%          56                 8    85.71%           8                 2    75.00%
source/core/slang-io.cpp                                                                                    586                73    87.54%          58                 3    94.83%         743               130    82.50%         307                68    77.85%
source/core/slang-io.h                                                                                       16                 4    75.00%          14                 4    71.43%          22                 6    72.73%           4                 0   100.00%
source/core/slang-linked-list.h                                                                              14                 2    85.71%          14                 2    85.71%          71                20    71.83%           0                 0         -
source/core/slang-list.h                                                                                     89                29    67.42%          39                 7    82.05%         253                91    64.03%          36                17    52.78%
source/core/slang-lz4-compression-system.cpp                                                                 28                 6    78.57%           8                 1    87.50%          39                 5    87.18%           6                 4    33.33%
source/core/slang-math.h                                                                                     35                 9    74.29%          35                 9    74.29%         296                99    66.55%           0                 0         -
source/core/slang-memory-arena.cpp                                                                          142                18    87.32%          29                 2    93.10%         288                49    82.99%          72                21    70.83%
source/core/slang-memory-arena.h                                                                             56                 7    87.50%          16                 5    68.75%         168                42    75.00%          20                 2    90.00%
source/core/slang-memory-file-system.cpp                                                                    183                18    90.16%          21                 0   100.00%         230                31    86.52%          94                19    79.79%
source/core/slang-memory-file-system.h                                                                       21                 2    90.48%           8                 2    75.00%          33                 6    81.82%           0                 0         -
source/core/slang-name-value.cpp                                                                             51                33    35.29%          14                 9    35.71%         116                74    36.21%          38                26    31.58%
source/core/slang-name-value.h                                                                                1                 0   100.00%           1                 0   100.00%           3                 0   100.00%           0                 0         -
source/core/slang-offset-container.cpp                                                                       82                 8    90.24%          14                 3    78.57%         178                30    83.15%          49                 6    87.76%
source/core/slang-offset-container.h                                                                        118                 5    95.76%          34                 1    97.06%         129                13    89.92%          42                 5    88.10%
source/core/slang-performance-profiler.cpp                                                                   33                27    18.18%          12                 8    33.33%         102                78    23.53%          18                16    11.11%
source/core/slang-performance-profiler.h                                                                     12                12     0.00%           3                 3     0.00%           6                 6     0.00%           0                 0         -
source/core/slang-platform.cpp                                                                               58                13    77.59%          15                 4    73.33%         125                11    91.20%          28                 0   100.00%
source/core/slang-platform.h                                                                                  1                 0   100.00%           1                 0   100.00%           3                 0   100.00%           0                 0         -
source/core/slang-process-util.cpp                                                                           42                 5    88.10%           5                 0   100.00%          52                 0   100.00%          22                 3    86.36%
source/core/slang-process-util.h                                                                              1                 1     0.00%           1                 1     0.00%           6                 6     0.00%           0                 0         -
source/core/slang-process.h                                                                                   2                 0   100.00%           2                 0   100.00%           2                 0   100.00%           0                 0         -
source/core/slang-random-generator.cpp                                                                       76                16    78.95%          16                 6    62.50%         161                35    78.26%          46                 7    84.78%
source/core/slang-random-generator.h                                                                          7                 4    42.86%           5                 4    20.00%          11                10     9.09%           0                 0         -
source/core/slang-range.h                                                                                     1                 0   100.00%           1                 0   100.00%           6                 0   100.00%           0                 0         -
source/core/slang-relative-ptr.h                                                                              3                 3     0.00%           3                 3     0.00%          13                13     0.00%           0                 0         -
source/core/slang-riff-file-system.cpp                                                                      150                23    84.67%          10                 1    90.00%         224                41    81.70%          78                17    78.21%
source/core/slang-riff-file-system.h                                                                         11                 1    90.91%           2                 1    50.00%           3                 3     0.00%           0                 0         -
source/core/slang-riff.cpp                                                                                  230                27    88.26%          35                 1    97.14%         345                50    85.51%         102                20    80.39%
source/core/slang-riff.h                                                                                    119                14    88.24%          72                 9    87.50%         173                31    82.08%          22                 5    77.27%
source/core/slang-rtti-info.cpp                                                                              43                10    76.74%          12                 0   100.00%         155                46    70.32%          42                11    73.81%
source/core/slang-rtti-info.h                                                                                66                11    83.33%          35                 5    85.71%         135                24    82.22%          22                 8    63.64%
source/core/slang-rtti-util.cpp                                                                             372               156    58.06%          25                 4    84.00%         810               432    46.67%         337               156    53.71%
source/core/slang-rtti-util.h                                                                                 1                 1     0.00%           1                 1     0.00%          12                12     0.00%           0                 0         -
source/core/slang-secure-crt.h                                                                               11                 6    45.45%          11                 6    45.45%         246               128    47.97%           0                 0         -
source/core/slang-semantic-version.cpp                                                                       96                44    54.17%           9                 3    66.67%         175               107    38.86%          78                48    38.46%
source/core/slang-semantic-version.h                                                                         35                 6    82.86%          18                 6    66.67%          49                17    65.31%          12                 0   100.00%
source/core/slang-shared-library.cpp                                                                         58                15    74.14%          13                 2    84.62%          90                22    75.56%          32                14    56.25%
source/core/slang-shared-library.h                                                                           32                 1    96.88%           9                 1    88.89%          14                 1    92.86%           2                 2     0.00%
source/core/slang-short-dictionary.h                                                                         38                 0   100.00%           2                 0   100.00%          29                 0   100.00%          20                 0   100.00%
source/core/slang-short-list.h                                                                                9                 4    55.56%           9                 4    55.56%          71                34    52.11%           0                 0         -
source/core/slang-signal.cpp                                                                                 59                10    83.05%           7                 1    85.71%         102                20    80.39%          54                15    72.22%
source/core/slang-smart-pointer.h                                                                            36                 2    94.44%          24                 2    91.67%          67                 6    91.04%           6                 0   100.00%
source/core/slang-stable-hash.h                                                                               9                 4    55.56%           9                 4    55.56%          20                 6    70.00%           0                 0         -
source/core/slang-std-writers.cpp                                                                             7                 1    85.71%           2                 0   100.00%          19                 3    84.21%           2                 1    50.00%
source/core/slang-std-writers.h                                                                               5                 1    80.00%           5                 1    80.00%          16                 3    81.25%           0                 0         -
source/core/slang-stream.cpp                                                                                397               148    62.72%          43                21    51.16%         519               264    49.13%         199               106    46.73%
source/core/slang-stream.h                                                                                   40                 9    77.50%          24                 8    66.67%          65                28    56.92%           6                 3    50.00%
source/core/slang-string-escape-util.cpp                                                                    512               135    73.63%          40                10    75.00%         870               288    66.90%         467               187    59.96%
source/core/slang-string-escape-util.h                                                                        5                 1    80.00%           4                 1    75.00%          10                 3    70.00%           0                 0         -
source/core/slang-string-slice-index-map.cpp                                                                 12                 0   100.00%           3                 0   100.00%          30                 0   100.00%           4                 0   100.00%
source/core/slang-string-slice-index-map.h                                                                   11                 2    81.82%           7                 2    71.43%          19                 4    78.95%           2                 0   100.00%
source/core/slang-string-slice-pool.cpp                                                                      74                17    77.03%          13                 2    84.62%         162                41    74.69%          46                18    60.87%
source/core/slang-string-slice-pool.h                                                                        15                 1    93.33%          12                 1    91.67%          20                 1    95.00%           2                 0   100.00%
source/core/slang-string-util.cpp                                                                           423                44    89.60%          45                 2    95.56%         747                82    89.02%         305                59    80.66%
source/core/slang-string-util.h                                                                              13                 2    84.62%          10                 2    80.00%          28                 6    78.57%           0                 0         -
source/core/slang-string.cpp                                                                                259                35    86.49%          62                12    80.65%         522                92    82.38%         138                18    86.96%
source/core/slang-string.h                                                                                  189                44    76.72%         133                40    69.92%         413               141    65.86%          36                10    72.22%
source/core/slang-text-io.cpp                                                                                79                20    74.68%           9                 2    77.78%         113                22    80.53%          42                 6    85.71%
source/core/slang-text-io.h                                                                                  43                16    62.79%          26                13    50.00%          92                47    48.91%          22                 5    77.27%
source/core/slang-token-reader.cpp                                                                          346               104    69.94%          11                 3    72.73%         683               302    55.78%         334               121    63.77%
source/core/slang-token-reader.h                                                                             74                11    85.14%          24                 4    83.33%         158                25    84.18%          34                 7    79.41%
source/core/slang-type-convert-util.cpp                                                                      18                 7    61.11%           2                 0   100.00%          42                14    66.67%          30                 7    76.67%
source/core/slang-type-text-util.cpp                                                                        187                50    73.26%          27                 2    92.59%         146                21    85.62%          70                15    78.57%
source/core/slang-uint-set.cpp                                                                               79                25    68.35%          19                 5    73.68%         148                41    72.30%          47                17    63.83%
source/core/slang-uint-set.h                                                                                 25                 8    68.00%          25                 8    68.00%         130                62    52.31%           0                 0         -
source/core/slang-virtual-object-pool.h                                                                       2                 2     0.00%           2                 2     0.00%          68                68     0.00%           0                 0         -
source/core/slang-writer.cpp                                                                                 72                15    79.17%          17                 3    82.35%         129                26    79.84%          34                15    55.88%
source/core/slang-writer.h                                                                                   41                 7    82.93%          18                 6    66.67%          46                17    63.04%           6                 1    83.33%
source/core/slang-zip-file-system.cpp                                                                       445                85    80.90%          40                 7    82.50%         593               175    70.49%         239                73    69.46%
source/core/unix/slang-unix-process.cpp                                                                     282                46    83.69%          27                 6    77.78%         420                97    76.90%         145                53    63.45%
source/slang/slang-api.cpp                                                                                  593               137    76.90%         112                73    34.82%         845               409    51.60%         227                53    76.65%
source/slang/slang-artifact-output-util.cpp                                                                 107                12    88.79%          11                 1    90.91%         159                35    77.99%          54                10    81.48%
source/slang/slang-ast-base.cpp                                                                              13                 1    92.31%           3                 1    66.67%          15                 4    73.33%           4                 0   100.00%
source/slang/slang-ast-base.h                                                                                78                19    75.64%          71                19    73.24%         235                88    62.55%           4                 1    75.00%
source/slang/slang-ast-boilerplate.cpp                                                                        7                 0   100.00%           3                 0   100.00%           6                 0   100.00%           4                 2    50.00%
source/slang/slang-ast-builder.cpp                                                                          674               103    84.72%         133                11    91.73%        1172               190    83.79%         403               109    72.95%
source/slang/slang-ast-builder.h                                                                             66                16    75.76%          66                16    75.76%         258                92    64.34%           0                 0         -
source/slang/slang-ast-clone.cpp                                                                            165                25    84.85%          27                 5    81.48%         286                81    71.68%         108                29    73.15%
source/slang/slang-ast-clone.h                                                                               27                 8    70.37%          12                 3    75.00%          45                12    73.33%           8                 4    50.00%
source/slang/slang-ast-decl-ref.cpp                                                                         611                85    86.09%          55                 5    90.91%         946               175    81.50%         412                94    77.18%
source/slang/slang-ast-decl.cpp                                                                             195                12    93.85%          40                 2    95.00%         292                29    90.07%          94                12    87.23%
source/slang/slang-ast-decl.h                                                                                26                 2    92.31%          26                 2    92.31%          47                 2    95.74%           0                 0         -
source/slang/slang-ast-iterator.h                                                                           183               183     0.00%          99                99     0.00%         464               464     0.00%          88                88     0.00%
source/slang/slang-ast-modifier.cpp                                                                          10                10     0.00%           1                 1     0.00%           9                 9     0.00%           8                 8     0.00%
source/slang/slang-ast-natural-layout.cpp                                                                   136                14    89.71%           7                 1    85.71%         195                27    86.15%          92                19    79.35%
source/slang/slang-ast-natural-layout.h                                                                      20                 1    95.00%          12                 0   100.00%          23                 0   100.00%           8                 3    62.50%
source/slang/slang-ast-print.cpp                                                                            909               599    34.10%          24                 5    79.17%        1694              1148    32.23%         746               531    28.82%
source/slang/slang-ast-print.h                                                                               22                10    54.55%          11                 6    45.45%          31                19    38.71%           4                 3    25.00%
source/slang/slang-ast-substitution.h                                                                        23                 0   100.00%           7                 0   100.00%          37                 0   100.00%           8                 0   100.00%
source/slang/slang-ast-support-types.cpp                                                                     57                15    73.68%           6                 1    83.33%         104                27    74.04%          48                16    66.67%
source/slang/slang-ast-support-types.h                                                                      101                21    79.21%          98                21    78.57%         218                35    83.94%           0                 0         -
source/slang/slang-ast-synthesis.cpp                                                                         55                 3    94.55%          23                 3    86.96%         171                20    88.30%          12                 4    66.67%
source/slang/slang-ast-synthesis.h                                                                           29                 1    96.55%          11                 0   100.00%          66                 4    93.94%          12                 3    75.00%
source/slang/slang-ast-type.cpp                                                                             830               147    82.29%         156                26    83.33%        1863               344    81.54%         560               124    77.86%
source/slang/slang-ast-type.h                                                                                60                25    58.33%          60                25    58.33%         102                62    39.22%           0                 0         -
source/slang/slang-ast-val.cpp                                                                             1398               326    76.68%         193                57    70.47%        2663               685    74.28%         976               292    70.08%
source/slang/slang-ast-val.h                                                                                173                66    61.85%         173                66    61.85%         444               265    40.32%           0                 0         -
source/slang/slang-base-type-info.cpp                                                                        30                21    30.00%           2                 1    50.00%          53                41    22.64%          38                18    52.63%
source/slang/slang-base-type-info.h                                                                           1                 1     0.00%           1                 1     0.00%           3                 3     0.00%           0                 0         -
source/slang/slang-capability-val.h                                                                          29                15    48.28%          29                15    48.28%          93                63    32.26%           0                 0         -
source/slang/slang-capability.cpp                                                                           921               233    74.70%         117                22    81.20%        1742               524    69.92%         720               212    70.56%
source/slang/slang-capability.h                                                                              20                 1    95.00%          20                 1    95.00%         108                 1    99.07%           0                 0         -
source/slang/slang-check-conformance.cpp                                                                    226                36    84.07%          14                 2    85.71%         349                78    77.65%         162                38    76.54%
source/slang/slang-check-constraint.cpp                                                                    1747               227    87.01%         126                 3    97.62%        2479               323    86.97%        1328               305    77.03%
source/slang/slang-check-conversion.cpp                                                                    1386               150    89.18%          44                 2    95.45%        2351               257    89.07%        1132               214    81.10%
source/slang/slang-check-decl.cpp                                                                          7336               927    87.36%         579                50    91.36%       14832              2112    85.76%        5687              1186    79.15%
source/slang/slang-check-expr.cpp                                                                          4039               462    88.56%         215                10    95.35%        7328               914    87.53%        3074               621    79.80%
source/slang/slang-check-impl.h                                                                             336                17    94.94%         170                14    91.76%         586                47    91.98%         104                 6    94.23%
source/slang/slang-check-inheritance.cpp                                                                    671                32    95.23%          46                 0   100.00%        1628                49    96.99%         500                58    88.40%
source/slang/slang-check-modifier.cpp                                                                      1415               151    89.33%          26                 2    92.31%        2123               371    82.52%        1262               253    79.95%
source/slang/slang-check-out-of-bound-access.cpp                                                             29                 0   100.00%           4                 0   100.00%          62                 0   100.00%          26                 0   100.00%
source/slang/slang-check-overload.cpp                                                                      1414               112    92.08%          66                 3    95.45%        2959               250    91.55%        1114               163    85.37%
source/slang/slang-check-resolve-val.cpp                                                                     16                 3    81.25%           6                 0   100.00%          27                 3    88.89%           4                 1    75.00%
source/slang/slang-check-shader.cpp                                                                        1294               119    90.80%          78                 1    98.72%        2588               282    89.10%        1072               168    84.33%
source/slang/slang-check-stmt.cpp                                                                           447                29    93.51%          39                 1    97.44%         800                57    92.88%         356                51    85.67%
source/slang/slang-check-type.cpp                                                                           228                50    78.07%          28                 4    85.71%         439               113    74.26%         158                49    68.99%
source/slang/slang-check.cpp                                                                                 51                16    68.63%          10                 3    70.00%         140                37    73.57%          26                 9    65.38%
source/slang/slang-code-gen.cpp                                                                             536                87    83.77%          41                 7    82.93%        1038               202    80.54%         514               109    78.79%
source/slang/slang-code-gen.h                                                                                21                 1    95.24%          21                 1    95.24%          27                 1    96.30%           0                 0         -
source/slang/slang-compile-request.cpp                                                                      291                14    95.19%          30                 0   100.00%         575                40    93.04%         185                18    90.27%
source/slang/slang-compile-request.h                                                                         22                 4    81.82%          22                 4    81.82%         115                15    86.96%           0                 0         -
source/slang/slang-compiler-api.h                                                                            17                 4    76.47%          17                 4    76.47%          59                12    79.66%           0                 0         -
source/slang/slang-compiler-options.cpp                                                                     286                37    87.06%          19                 1    94.74%         588                75    87.24%         398                82    79.40%
source/slang/slang-compiler-options.h                                                                        51                 4    92.16%          51                 4    92.16%         249                43    82.73%           0                 0         -
source/slang/slang-compiler-tu.cpp                                                                          109                27    75.23%           9                 7    22.22%         201                73    63.68%          56                19    66.07%
source/slang/slang-compiler.cpp                                                                              25                 7    72.00%           2                 0   100.00%          37                 7    81.08%          46                11    76.09%
source/slang/slang-container-pool.h                                                                           8                 1    87.50%           8                 1    87.50%          72                24    66.67%           0                 0         -
source/slang/slang-content-assist-info.h                                                                      1                 1     0.00%           1                 1     0.00%           9                 9     0.00%           0                 0         -
source/slang/slang-core-module-textures.cpp                                                                 214               203     5.14%          13                13     0.00%         661               658     0.45%         172               172     0.00%
source/slang/slang-core-module.cpp                                                                            8                 0   100.00%           1                 0   100.00%          10                 0   100.00%           6                 1    83.33%
source/slang/slang-diagnostics.cpp                                                                           46                 1    97.83%           6                 0   100.00%          73                 5    93.15%          26                 5    80.77%
source/slang/slang-emit-base.cpp                                                                             24                13    45.83%           4                 1    75.00%          47                20    57.45%          14                 9    35.71%
source/slang/slang-emit-base.h                                                                                2                 0   100.00%           1                 0   100.00%           1                 0   100.00%           0                 0         -
source/slang/slang-emit-c-like.cpp                                                                         1780               196    88.99%         146                 9    93.84%        4027               552    86.29%        1780               253    85.79%
source/slang/slang-emit-c-like.h                                                                            141                17    87.94%          82                15    81.71%         166                26    84.34%           2                 0   100.00%
source/slang/slang-emit-cpp.cpp                                                                             758               165    78.23%          56                10    82.14%        1903               500    73.73%         715               165    76.92%
source/slang/slang-emit-cpp.h                                                                                 6                 1    83.33%           5                 1    80.00%          10                 1    90.00%           0                 0         -
source/slang/slang-emit-cuda.cpp                                                                            598                98    83.61%          48                 4    91.67%        1450               267    81.59%         568               103    81.87%
source/slang/slang-emit-cuda.h                                                                               20                 3    85.00%          13                 3    76.92%          24                 5    79.17%           2                 0   100.00%
source/slang/slang-emit-dependency-file.cpp                                                                  60                10    83.33%           5                 0   100.00%         133                20    84.96%          54                16    70.37%
source/slang/slang-emit-glsl.cpp                                                                           1197               227    81.04%          73                 3    95.89%        3140               583    81.43%        1199               226    81.15%
source/slang/slang-emit-glsl.h                                                                                4                 1    75.00%           4                 1    75.00%          10                 3    70.00%           0                 0         -
source/slang/slang-emit-hlsl-prelude.cpp                                                                    230                53    76.96%          15                 0   100.00%         284                60    78.87%         203                47    76.85%
source/slang/slang-emit-hlsl.cpp                                                                            881               108    87.74%          54                 4    92.59%        2179               339    84.44%         877               143    83.69%
source/slang/slang-emit-hlsl.h                                                                                7                 1    85.71%           5                 1    80.00%          14                 1    92.86%           0                 0         -
source/slang/slang-emit-llvm.cpp                                                                            858               128    85.08%          57                 9    84.21%        2179               393    81.96%         875               159    81.83%
source/slang/slang-emit-metal.cpp                                                                           574                81    85.89%          48                 7    85.42%        1689               282    83.30%         618                97    84.30%
source/slang/slang-emit-metal.h                                                                              14                 1    92.86%           8                 1    87.50%          21                 1    95.24%           2                 0   100.00%
source/slang/slang-emit-precedence.cpp                                                                       45                 1    97.78%           1                 0   100.00%          71                 1    98.59%          88                22    75.00%
source/slang/slang-emit-precedence.h                                                                          4                 0   100.00%           4                 0   100.00%          18                 0   100.00%           0                 0         -
source/slang/slang-emit-slang.cpp                                                                             5                 0   100.00%           1                 0   100.00%           6                 0   100.00%           0                 0         -
source/slang/slang-emit-source-writer.cpp                                                                   164                11    93.29%          34                 5    85.29%         344                26    92.44%         121                16    86.78%
source/slang/slang-emit-source-writer.h                                                                       7                 1    85.71%           7                 1    85.71%           7                 1    85.71%           0                 0         -
source/slang/slang-emit-spirv-ops-debug-info-ext.h                                                           40                 2    95.00%          28                 2    92.86%         447                17    96.20%           8                 0   100.00%
source/slang/slang-emit-spirv-ops.h                                                                         107                 7    93.46%         107                 7    93.46%         852                67    92.14%           0                 0         -
source/slang/slang-emit-spirv.cpp                                                                          4040               455    88.74%         314                11    96.50%        9948              1075    89.19%        3920               630    83.93%
source/slang/slang-emit-torch.cpp                                                                            52                12    76.92%           5                 0   100.00%         178                42    76.40%          60                14    76.67%
source/slang/slang-emit-torch.h                                                                               2                 0   100.00%           1                 0   100.00%           3                 0   100.00%           0                 0         -
source/slang/slang-emit-vm.cpp                                                                              376                27    92.82%          33                 1    96.97%        1187                70    94.10%         379                43    88.65%
source/slang/slang-emit-wgsl.cpp                                                                            533                78    85.37%          39                 1    97.44%        1484               231    84.43%         599                91    84.81%
source/slang/slang-emit-wgsl.h                                                                                5                 1    80.00%           4                 1    75.00%           7                 1    85.71%           0                 0         -
source/slang/slang-emit.cpp                                                                                1581                53    96.65%          40                 1    97.50%        2483               122    95.09%        1256               126    89.97%
source/slang/slang-end-to-end-request.cpp                                                                  1145               232    79.74%         129                37    71.32%        1601               448    72.02%         620               178    71.29%
source/slang/slang-end-to-end-request.h                                                                      14                 1    92.86%          14                 1    92.86%          24                 3    87.50%           0                 0         -
source/slang/slang-entry-point.cpp                                                                           50                 1    98.00%          16                 0   100.00%          84                 0   100.00%          12                 1    91.67%
source/slang/slang-entry-point.h                                                                             32                15    53.12%          32                15    53.12%          96                58    39.58%           0                 0         -
source/slang/slang-extension-tracker.cpp                                                                     24                 2    91.67%           5                 0   100.00%          74                 9    87.84%          30                 2    93.33%
source/slang/slang-extension-tracker.h                                                                        7                 1    85.71%           6                 1    83.33%           8                 1    87.50%           0                 0         -
source/slang/slang-fossil.cpp                                                                                38                 8    78.95%           5                 3    40.00%          54                37    31.48%          10                 5    50.00%
source/slang/slang-fossil.h                                                                                  40                22    45.00%          40                22    45.00%         114                68    40.35%           0                 0         -
source/slang/slang-global-session.cpp                                                                       425                65    84.71%          48                11    77.08%         773               197    74.51%         220                57    74.09%
source/slang/slang-global-session.h                                                                          20                 3    85.00%          20                 3    85.00%          55                10    81.82%           0                 0         -
source/slang/slang-hlsl-to-vulkan-layout-options.cpp                                                         49                17    65.31%          11                 4    63.64%         110                29    73.64%          42                16    61.90%
source/slang/slang-hlsl-to-vulkan-layout-options.h                                                           22                 9    59.09%          22                 9    59.09%          34                14    58.82%           0                 0         -
source/slang/slang-intrinsic-expand.cpp                                                                     467                54    88.44%          13                 0   100.00%         642               117    81.78%         350                64    81.71%
source/slang/slang-intrinsic-expand.h                                                                         3                 0   100.00%           1                 0   100.00%           3                 0   100.00%           0                 0         -
source/slang/slang-ir-addr-inst-elimination.cpp                                                              58                 4    93.10%           7                 0   100.00%         148                13    91.22%          56                 6    89.29%
source/slang/slang-ir-any-value-inference.cpp                                                               179                 8    95.53%          14                 0   100.00%         355                28    92.11%         175                27    84.57%
source/slang/slang-ir-any-value-marshalling.cpp                                                             435                42    90.34%          32                 0   100.00%        1169                90    92.30%         408                76    81.37%
source/slang/slang-ir-autodiff-cfg-norm.cpp                                                                 179                11    93.85%          16                 0   100.00%         431                45    89.56%         118                18    84.75%
source/slang/slang-ir-autodiff-fwd.cpp                                                                     1153               167    85.52%          92                 8    91.30%        2792               466    83.31%         984               246    75.00%
source/slang/slang-ir-autodiff-loop-analysis.cpp                                                            474                74    84.39%          34                 3    91.18%         679               105    84.54%         366                84    77.05%
source/slang/slang-ir-autodiff-loop-analysis.h                                                               44                 9    79.55%          11                 2    81.82%          91                32    64.84%          48                 9    81.25%
source/slang/slang-ir-autodiff-pairs.cpp                                                                    212                59    72.17%          20                 1    95.00%         463               150    67.60%         144                55    61.81%
source/slang/slang-ir-autodiff-primal-hoist.cpp                                                            1117               122    89.08%          60                 3    95.00%        2149               191    91.11%         953               182    80.90%
source/slang/slang-ir-autodiff-primal-hoist.h                                                                69                18    73.91%          22                 5    77.27%         153                40    73.86%          50                15    70.00%
source/slang/slang-ir-autodiff-region.cpp                                                                    18                 0   100.00%           1                 0   100.00%          35                 0   100.00%          13                 0   100.00%
source/slang/slang-ir-autodiff-region.h                                                                      15                 3    80.00%          10                 3    70.00%          47                28    40.43%           2                 0   100.00%
source/slang/slang-ir-autodiff-rev.cpp                                                                      164                12    92.68%          14                 0   100.00%         742                35    95.28%         112                13    88.39%
source/slang/slang-ir-autodiff-transpose.cpp                                                                836               121    85.53%          82                17    79.27%        2078               413    80.13%         597               123    79.40%
[...]
source/slang/slang-ir-undo-param-copy.cpp                                                                    53                 0   100.00%           4                 0   100.00%          96                 0   100.00%          44                 6    86.36%
source/slang/slang-ir-uniformity.cpp                                                                        187                57    69.52%          11                 0   100.00%         424               112    73.58%         178                67    62.36%
source/slang/slang-ir-use-uninitialized-values.cpp                                                          594                42    92.93%          41                 0   100.00%         911                57    93.74%         522                74    85.82%
source/slang/slang-ir-user-type-hint.cpp                                                                      9                 0   100.00%           1                 0   100.00%          21                 0   100.00%           8                 2    75.00%
source/slang/slang-ir-util-hlsl.cpp                                                                          35                 9    74.29%           7                 0   100.00%          46                10    78.26%          30                10    66.67%
source/slang/slang-ir-util.cpp                                                                             1745               241    86.19%         146                18    87.67%        2890               514    82.21%        1815               379    79.12%
source/slang/slang-ir-util.h                                                                                110                 6    94.55%          20                 0   100.00%         150                 8    94.67%          85                 7    91.76%
source/slang/slang-ir-validate.cpp                                                                          349                62    82.23%          30                 3    90.00%         626               104    83.39%         316                83    73.73%
source/slang/slang-ir-validate.h                                                                              2                 1    50.00%           2                 1    50.00%           6                 3    50.00%           0                 0         -
source/slang/slang-ir-variable-scope-correction.cpp                                                          90                 5    94.44%           9                 0   100.00%         162                 9    94.44%          74                 6    91.89%
source/slang/slang-ir-vk-invert-y.cpp                                                                        37                 6    83.78%           7                 0   100.00%         128                10    92.19%          24                 8    66.67%
source/slang/slang-ir-wgsl-legalize.cpp                                                                     140                13    90.71%          14                 1    92.86%         249                24    90.36%         146                19    86.99%
source/slang/slang-ir-wrap-cbuffer-element.cpp                                                               31                 4    87.10%           6                 0   100.00%          95                 5    94.74%          20                 3    85.00%
source/slang/slang-ir-wrap-structured-buffers.cpp                                                            34                 0   100.00%           8                 0   100.00%         176                 0   100.00%          28                 5    82.14%
source/slang/slang-ir.cpp                                                                                  3327               324    90.26%         647                64    90.11%        6942               824    88.13%        2659               359    86.50%
source/slang/slang-ir.h                                                                                     235                34    85.53%         235                34    85.53%         508               110    78.35%           0                 0         -
source/slang/slang-legalize-types.cpp                                                                       426                78    81.69%          45                17    62.22%         911               237    73.98%         316                59    81.33%
source/slang/slang-legalize-types.h                                                                          42                 5    88.10%          17                 4    76.47%          70                10    85.71%           6                 1    83.33%
source/slang/slang-linkable-impls.cpp                                                                       172                20    88.37%          63                 9    85.71%         425                46    89.18%          74                10    86.49%
source/slang/slang-linkable-impls.h                                                                          65                46    29.23%          65                46    29.23%         182               157    13.74%           0                 0         -
source/slang/slang-linkable.cpp                                                                             489                75    84.66%          59                10    83.05%         803               150    81.32%         262                72    72.52%
source/slang/slang-linkable.h                                                                                 6                 6     0.00%           6                 6     0.00%          13                13     0.00%           0                 0         -
source/slang/slang-lookup.cpp                                                                               320                13    95.94%          20                 0   100.00%         634                18    97.16%         240                19    92.08%
source/slang/slang-lower-to-ir.cpp                                                                         4320               483    88.82%         512                70    86.33%       10169              1258    87.63%        2934               439    85.04%
source/slang/slang-mangle.cpp                                                                               433                18    95.84%          23                 1    95.65%         825                60    92.73%         334                19    94.31%
source/slang/slang-markdown.cpp                                                                              32                 3    90.62%           4                 0   100.00%          49                 2    95.92%          20                 5    75.00%
source/slang/slang-module-library.cpp                                                                        56                 7    87.50%           5                 0   100.00%          80                17    78.75%          32                12    62.50%
source/slang/slang-module-library.h                                                                           8                 2    75.00%           3                 2    33.33%           6                 5    16.67%           0                 0         -
source/slang/slang-module.cpp                                                                               145                14    90.34%          29                 3    89.66%         279                29    89.61%          92                10    89.13%
source/slang/slang-module.h                                                                                  46                13    71.74%          46                13    71.74%         161                62    61.49%           0                 0         -
source/slang/slang-options.cpp                                                                             1614               193    88.04%          50                 8    84.00%        3748               558    85.11%        1253               172    86.27%
source/slang/slang-parameter-binding.cpp                                                                   1180                87    92.63%         115                 5    95.65%        2845               189    93.36%         910               115    87.36%
source/slang/slang-parser.cpp                                                                              3360               264    92.14%         379                17    95.51%        7459               550    92.63%        2770               477    82.78%
source/slang/slang-pass-through.cpp                                                                         109                31    71.56%           7                 2    71.43%         214                74    65.42%         132                40    69.70%
source/slang/slang-pass-wrapper.cpp                                                                          22                 1    95.45%           5                 0   100.00%          44                 1    97.73%          14                 1    92.86%
source/slang/slang-pass-wrapper.h                                                                             8                 1    87.50%           3                 0   100.00%          18                 3    83.33%           2                 1    50.00%
source/slang/slang-preprocessor.cpp                                                                        1115               139    87.53%         170                10    94.12%        2599               296    88.61%         799               145    81.85%
source/slang/slang-profile-defs.h                                                                             0                 0         -           0                 0         -           0                 0         -           0                 0         -
source/slang/slang-profile.cpp                                                                             2921              1038    64.46%          15                 2    86.67%         257                70    72.76%        1076               324    69.89%
source/slang/slang-profile.h                                                                                 11                 1    90.91%          11                 1    90.91%          15                 1    93.33%           0                 0         -
source/slang/slang-reflection-api.cpp                                                                      2662               850    68.07%         261                37    85.82%        3806              1061    72.12%        1644               677    58.82%
source/slang/slang-reflection-json.cpp                                                                      544               101    81.43%          41                 1    97.56%        1194               254    78.73%         438                84    80.82%
source/slang/slang-rich-diagnostics.cpp                                                                      42                 6    85.71%          13                 0   100.00%          72                 6    91.67%          26                 8    69.23%
source/slang/slang-serialize-ast.cpp                                                                        250                20    92.00%          56                 2    96.43%         548                48    91.24%         126                22    82.54%
source/slang/slang-serialize-container.cpp                                                                  324                32    90.12%          36                 2    94.44%         462                75    83.77%         137                37    72.99%
source/slang/slang-serialize-fossil.cpp                                                                     403                38    90.57%          89                 9    89.89%         964                75    92.22%         316                34    89.24%
source/slang/slang-serialize-fossil.h                                                                        59                 9    84.75%          45                 9    80.00%         140                33    76.43%           0                 0         -
source/slang/slang-serialize-ir-types.cpp                                                                    17                17     0.00%           5                 5     0.00%          30                30     0.00%          14                14     0.00%
source/slang/slang-serialize-ir-types.h                                                                      10                10     0.00%          10                10     0.00%          67                67     0.00%           0                 0         -
source/slang/slang-serialize-ir.cpp                                                                         380                15    96.05%          21                 1    95.24%         593               165    72.18%         188                15    92.02%
source/slang/slang-serialize-ir.h                                                                            35                 0   100.00%           2                 0   100.00%          86                 0   100.00%          28                 0   100.00%
source/slang/slang-serialize-source-loc.cpp                                                                 145                20    86.21%          11                 3    72.73%         313                32    89.78%          90                22    75.56%
source/slang/slang-serialize-source-loc.h                                                                    22                13    40.91%          22                13    40.91%          65                39    40.00%           0                 0         -
source/slang/slang-serialize-types.cpp                                                                       46                 3    93.48%          10                 1    90.00%          94                13    86.17%          18                 2    88.89%
source/slang/slang-serialize-types.h                                                                          2                 2     0.00%           2                 2     0.00%           3                 3     0.00%           0                 0         -
source/slang/slang-session.cpp                                                                              778               113    85.48%          69                 6    91.30%        1618               296    81.71%         454               108    76.21%
source/slang/slang-session.h                                                                                 13                 2    84.62%          13                 2    84.62%          24                 8    66.67%           0                 0         -
source/slang/slang-syntax.cpp                                                                               638               186    70.85%          80                15    81.25%        1116               369    66.94%         509               182    64.24%
source/slang/slang-syntax.h                                                                                  53                 4    92.45%          53                 4    92.45%         264                24    90.91%           0                 0         -
source/slang/slang-target-program.cpp                                                                        46                 9    80.43%           5                 0   100.00%          86                13    84.88%          26                 9    65.38%
source/slang/slang-target-program.h                                                                           9                 9     0.00%           9                 9     0.00%          23                23     0.00%           0                 0         -
source/slang/slang-target.cpp                                                                                88                 8    90.91%           9                 1    88.89%         174                 8    95.40%         104                10    90.38%
source/slang/slang-target.h                                                                                   6                 6     0.00%           6                 6     0.00%          15                15     0.00%           0                 0         -
source/slang/slang-translation-unit.cpp                                                                      81                 5    93.83%          13                 1    92.31%         151                13    91.39%          54                 7    87.04%
source/slang/slang-translation-unit.h                                                                         8                 1    87.50%           8                 1    87.50%          16                 1    93.75%           0                 0         -
source/slang/slang-type-layout.cpp                                                                         1695               287    83.07%         294                56    80.95%        3512               609    82.66%        1427               332    76.73%
source/slang/slang-type-layout.h                                                                            339                44    87.02%         102                18    82.35%         561               135    75.94%         148                37    75.00%
source/slang/slang-visitor.h                                                                                 78                54    30.77%          59                39    33.90%         250               183    26.80%          30                25    16.67%
source/slang/slang-vm-bytecode.cpp                                                                          253                45    82.21%          12                 0   100.00%         473               120    74.63%         258                51    80.23%
source/slang/slang-vm-bytecode.h                                                                             22                 2    90.91%          11                 0   100.00%          39                 6    84.62%           4                 2    50.00%
source/slang/slang-vm-inst-impl.cpp                                                                         378               131    65.34%          55                 7    87.27%         943               274    70.94%         512               162    68.36%
source/slang/slang-vm.cpp                                                                                   706                87    87.68%          42                 2    95.24%         969               137    85.86%         568               145    74.47%
source/slang/slang-vm.h                                                                                      12                 1    91.67%          11                 1    90.91%          55                 3    94.55%           0                 0         -
source/slang/slang.cpp                                                                                       69                 5    92.75%           5                 0   100.00%         137                 4    97.08%          84                 9    89.29%
-------------------------------------------------------------------------------------------------------------------------------------------------------------------------------------------------------------------------------------------------------------------
TOTAL                                                                                                         0                 0         -       15903              2378    85.05%      270805             45820    83.08%      102590             21679    78.87%
